<?xml version="1.0" encoding="UTF-8"?>
<testsuite xmlns:xsi="http://www.w3.org/2001/XMLSchema-instance" xsi:noNamespaceSchemaLocation="https://maven.apache.org/surefire/maven-surefire-plugin/xsd/surefire-test-report-3.0.xsd" version="3.0" name="com.swifteats.catalog.CatalogCacheIntegrationTest" time="2.044" tests="1" errors="0" skipped="0" failures="0">
  <properties>
    <property name="java.specification.version" value="21"/>
    <property name="sun.jnu.encoding" value="UTF-8"/>
    <property name="java.class.path" value="/Users/deependraverma/Documents/Projects/AI/swifteats-delivery-service-new/catalog-service/target/test-classes:/Users/deependraverma/Documents/Projects/AI/swifteats-delivery-service-new/catalog-service/target/classes:/Users/deependraverma/.m2/repository/org/springframework/boot/spring-boot-starter-web/3.5.2/spring-boot-starter-web-3.5.2.jar:/Users/deependraverma/.m2/repository/org/springframework/boot/spring-boot-starter/3.5.2/spring-boot-starter-3.5.2.jar:/Users/deependraverma/.m2/repository/org/springframework/boot/spring-boot/3.5.2/spring-boot-3.5.2.jar:/Users/deependraverma/.m2/repository/org/springframework/boot/spring-boot-autoconfigure/3.5.2/spring-boot-autoconfigure-3.5.2.jar:/Users/deependraverma/.m2/repository/jakarta/annotation/jakarta.annotation-api/2.1.1/jakarta.annotation-api-2.1.1.jar:/Users/deependraverma/.m2/repository/org/yaml/snakeyaml/2.4/snakeyaml-2.4.jar:/Users/deependraverma/.m2/repository/org/springframework/boot/spring-boot-starter-json/3.5.2/spring-boot-starter-json-3.5.2.jar:/Users/deependraverma/.m2/repository/com/fasterxml/jackson/datatype/jackson-datatype-jdk8/2.19.1/jackson-datatype-jdk8-2.19.1.jar:/Users/deependraverma/.m2/repository/com/fasterxml/jackson/module/jackson-module-parameter-names/2.19.1/jackson-module-parameter-names-2.19.1.jar:/Users/deependraverma/.m2/repository/org/springframework/boot/spring-boot-starter-tomcat/3.5.2/spring-boot-starter-tomcat-3.5.2.jar:/Users/deependraverma/.m2/repository/org/apache/tomcat/embed/tomcat-embed-core/10.1.42/tomcat-embed-core-10.1.42.jar:/Users/deependraverma/.m2/repository/org/apache/tomcat/embed/tomcat-embed-el/10.1.42/tomcat-embed-el-10.1.42.jar:/Users/deependraverma/.m2/repository/org/apache/tomcat/embed/tomcat-embed-websocket/10.1.42/tomcat-embed-websocket-10.1.42.jar:/Users/deependraverma/.m2/repository/org/springframework/spring-web/6.2.8/spring-web-6.2.8.jar:/Users/deependraverma/.m2/repository/org/springframework/spring-beans/6.2.8/spring-beans-6.2.8.jar:/Users/deependraverma/.m2/repository/org/springframework/spring-webmvc/6.2.8/spring-webmvc-6.2.8.jar:/Users/deependraverma/.m2/repository/org/springframework/spring-aop/6.2.8/spring-aop-6.2.8.jar:/Users/deependraverma/.m2/repository/org/springframework/spring-context/6.2.8/spring-context-6.2.8.jar:/Users/deependraverma/.m2/repository/org/springframework/spring-expression/6.2.8/spring-expression-6.2.8.jar:/Users/deependraverma/.m2/repository/org/springframework/boot/spring-boot-starter-actuator/3.5.2/spring-boot-starter-actuator-3.5.2.jar:/Users/deependraverma/.m2/repository/org/springframework/boot/spring-boot-actuator-autoconfigure/3.5.2/spring-boot-actuator-autoconfigure-3.5.2.jar:/Users/deependraverma/.m2/repository/org/springframework/boot/spring-boot-actuator/3.5.2/spring-boot-actuator-3.5.2.jar:/Users/deependraverma/.m2/repository/io/micrometer/micrometer-observation/1.15.1/micrometer-observation-1.15.1.jar:/Users/deependraverma/.m2/repository/io/micrometer/micrometer-commons/1.15.1/micrometer-commons-1.15.1.jar:/Users/deependraverma/.m2/repository/io/micrometer/micrometer-jakarta9/1.15.1/micrometer-jakarta9-1.15.1.jar:/Users/deependraverma/.m2/repository/io/micrometer/micrometer-core/1.15.1/micrometer-core-1.15.1.jar:/Users/deependraverma/.m2/repository/org/hdrhistogram/HdrHistogram/2.2.2/HdrHistogram-2.2.2.jar:/Users/deependraverma/.m2/repository/org/latencyutils/LatencyUtils/2.0.3/LatencyUtils-2.0.3.jar:/Users/deependraverma/.m2/repository/org/springframework/boot/spring-boot-starter-data-jpa/3.5.2/spring-boot-starter-data-jpa-3.5.2.jar:/Users/deependraverma/.m2/repository/org/springframework/boot/spring-boot-starter-jdbc/3.5.2/spring-boot-starter-jdbc-3.5.2.jar:/Users/deependraverma/.m2/repository/com/zaxxer/HikariCP/6.3.0/HikariCP-6.3.0.jar:/Users/deependraverma/.m2/repository/org/springframework/spring-jdbc/6.2.8/spring-jdbc-6.2.8.jar:/Users/deependraverma/.m2/repository/org/hibernate/orm/hibernate-core/6.6.18.Final/hibernate-core-6.6.18.Final.jar:/Users/deependraverma/.m2/repository/jakarta/persistence/jakarta.persistence-api/3.1.0/jakarta.persistence-api-3.1.0.jar:/Users/deependraverma/.m2/repository/jakarta/transaction/jakarta.transaction-api/2.0.1/jakarta.transaction-api-2.0.1.jar:/Users/deependraverma/.m2/repository/org/jboss/logging/jboss-logging/3.6.1.Final/jboss-logging-3.6.1.Final.jar:/Users/deependraverma/.m2/repository/org/hibernate/common/hibernate-commons-annotations/7.0.3.Final/hibernate-commons-annotations-7.0.3.Final.jar:/Users/deependraverma/.m2/repository/io/smallrye/jandex/3.2.0/jandex-3.2.0.jar:/Users/deependraverma/.m2/repository/com/fasterxml/classmate/1.7.0/classmate-1.7.0.jar:/Users/deependraverma/.m2/repository/net/bytebuddy/byte-buddy/1.17.6/byte-buddy-1.17.6.jar:/Users/deependraverma/.m2/repository/org/glassfish/jaxb/jaxb-runtime/4.0.5/jaxb-runtime-4.0.5.jar:/Users/deependraverma/.m2/repository/org/glassfish/jaxb/jaxb-core/4.0.5/jaxb-core-4.0.5.jar:/Users/deependraverma/.m2/repository/org/eclipse/angus/angus-activation/2.0.2/angus-activation-2.0.2.jar:/Users/deependraverma/.m2/repository/org/glassfish/jaxb/txw2/4.0.5/txw2-4.0.5.jar:/Users/deependraverma/.m2/repository/com/sun/istack/istack-commons-runtime/4.1.2/istack-commons-runtime-4.1.2.jar:/Users/deependraverma/.m2/repository/jakarta/inject/jakarta.inject-api/2.0.1/jakarta.inject-api-2.0.1.jar:/Users/deependraverma/.m2/repository/org/antlr/antlr4-runtime/4.13.0/antlr4-runtime-4.13.0.jar:/Users/deependraverma/.m2/repository/org/springframework/data/spring-data-jpa/3.5.1/spring-data-jpa-3.5.1.jar:/Users/deependraverma/.m2/repository/org/springframework/data/spring-data-commons/3.5.1/spring-data-commons-3.5.1.jar:/Users/deependraverma/.m2/repository/org/springframework/spring-orm/6.2.8/spring-orm-6.2.8.jar:/Users/deependraverma/.m2/repository/org/springframework/spring-tx/6.2.8/spring-tx-6.2.8.jar:/Users/deependraverma/.m2/repository/org/springframework/spring-aspects/6.2.8/spring-aspects-6.2.8.jar:/Users/deependraverma/.m2/repository/org/aspectj/aspectjweaver/1.9.24/aspectjweaver-1.9.24.jar:/Users/deependraverma/.m2/repository/org/postgresql/postgresql/42.7.7/postgresql-42.7.7.jar:/Users/deependraverma/.m2/repository/org/checkerframework/checker-qual/3.49.3/checker-qual-3.49.3.jar:/Users/deependraverma/.m2/repository/org/springframework/boot/spring-boot-starter-data-redis/3.5.2/spring-boot-starter-data-redis-3.5.2.jar:/Users/deependraverma/.m2/repository/io/lettuce/lettuce-core/6.6.0.RELEASE/lettuce-core-6.6.0.RELEASE.jar:/Users/deependraverma/.m2/repository/redis/clients/authentication/redis-authx-core/0.1.1-beta2/redis-authx-core-0.1.1-beta2.jar:/Users/deependraverma/.m2/repository/io/netty/netty-common/4.1.122.Final/netty-common-4.1.122.Final.jar:/Users/deependraverma/.m2/repository/io/netty/netty-handler/4.1.122.Final/netty-handler-4.1.122.Final.jar:/Users/deependraverma/.m2/repository/io/netty/netty-resolver/4.1.122.Final/netty-resolver-4.1.122.Final.jar:/Users/deependraverma/.m2/repository/io/netty/netty-buffer/4.1.122.Final/netty-buffer-4.1.122.Final.jar:/Users/deependraverma/.m2/repository/io/netty/netty-transport-native-unix-common/4.1.122.Final/netty-transport-native-unix-common-4.1.122.Final.jar:/Users/deependraverma/.m2/repository/io/netty/netty-codec/4.1.122.Final/netty-codec-4.1.122.Final.jar:/Users/deependraverma/.m2/repository/io/netty/netty-transport/4.1.122.Final/netty-transport-4.1.122.Final.jar:/Users/deependraverma/.m2/repository/io/projectreactor/reactor-core/3.7.7/reactor-core-3.7.7.jar:/Users/deependraverma/.m2/repository/org/reactivestreams/reactive-streams/1.0.4/reactive-streams-1.0.4.jar:/Users/deependraverma/.m2/repository/org/springframework/data/spring-data-redis/3.5.1/spring-data-redis-3.5.1.jar:/Users/deependraverma/.m2/repository/org/springframework/data/spring-data-keyvalue/3.5.1/spring-data-keyvalue-3.5.1.jar:/Users/deependraverma/.m2/repository/org/springframework/spring-oxm/6.2.8/spring-oxm-6.2.8.jar:/Users/deependraverma/.m2/repository/com/swifteats/common/0.1.0-SNAPSHOT/common-0.1.0-SNAPSHOT.jar:/Users/deependraverma/.m2/repository/org/springframework/boot/spring-boot-starter-logging/3.5.2/spring-boot-starter-logging-3.5.2.jar:/Users/deependraverma/.m2/repository/ch/qos/logback/logback-classic/1.5.18/logback-classic-1.5.18.jar:/Users/deependraverma/.m2/repository/ch/qos/logback/logback-core/1.5.18/logback-core-1.5.18.jar:/Users/deependraverma/.m2/repository/org/apache/logging/log4j/log4j-to-slf4j/2.24.3/log4j-to-slf4j-2.24.3.jar:/Users/deependraverma/.m2/repository/org/apache/logging/log4j/log4j-api/2.24.3/log4j-api-2.24.3.jar:/Users/deependraverma/.m2/repository/org/slf4j/jul-to-slf4j/2.0.17/jul-to-slf4j-2.0.17.jar:/Users/deependraverma/.m2/repository/com/fasterxml/jackson/core/jackson-databind/2.19.1/jackson-databind-2.19.1.jar:/Users/deependraverma/.m2/repository/com/fasterxml/jackson/core/jackson-annotations/2.19.1/jackson-annotations-2.19.1.jar:/Users/deependraverma/.m2/repository/com/fasterxml/jackson/core/jackson-core/2.19.1/jackson-core-2.19.1.jar:/Users/deependraverma/.m2/repository/org/flywaydb/flyway-core/11.7.2/flyway-core-11.7.2.jar:/Users/deependraverma/.m2/repository/com/fasterxml/jackson/dataformat/jackson-dataformat-toml/2.19.1/jackson-dataformat-toml-2.19.1.jar:/Users/deependraverma/.m2/repository/com/fasterxml/jackson/datatype/jackson-datatype-jsr310/2.19.1/jackson-datatype-jsr310-2.19.1.jar:/Users/deependraverma/.m2/repository/org/springframework/boot/spring-boot-starter-cache/3.5.2/spring-boot-starter-cache-3.5.2.jar:/Users/deependraverma/.m2/repository/org/springframework/spring-context-support/6.2.8/spring-context-support-6.2.8.jar:/Users/deependraverma/.m2/repository/org/springframework/boot/spring-boot-starter-test/3.5.2/spring-boot-starter-test-3.5.2.jar:/Users/deependraverma/.m2/repository/org/springframework/boot/spring-boot-test/3.5.2/spring-boot-test-3.5.2.jar:/Users/deependraverma/.m2/repository/org/springframework/boot/spring-boot-test-autoconfigure/3.5.2/spring-boot-test-autoconfigure-3.5.2.jar:/Users/deependraverma/.m2/repository/com/jayway/jsonpath/json-path/2.9.0/json-path-2.9.0.jar:/Users/deependraverma/.m2/repository/jakarta/xml/bind/jakarta.xml.bind-api/4.0.2/jakarta.xml.bind-api-4.0.2.jar:/Users/deependraverma/.m2/repository/jakarta/activation/jakarta.activation-api/2.1.3/jakarta.activation-api-2.1.3.jar:/Users/deependraverma/.m2/repository/net/minidev/json-smart/2.5.2/json-smart-2.5.2.jar:/Users/deependraverma/.m2/repository/net/minidev/accessors-smart/2.5.2/accessors-smart-2.5.2.jar:/Users/deependraverma/.m2/repository/org/ow2/asm/asm/9.7.1/asm-9.7.1.jar:/Users/deependraverma/.m2/repository/org/assertj/assertj-core/3.27.3/assertj-core-3.27.3.jar:/Users/deependraverma/.m2/repository/org/awaitility/awaitility/4.2.2/awaitility-4.2.2.jar:/Users/deependraverma/.m2/repository/org/hamcrest/hamcrest/3.0/hamcrest-3.0.jar:/Users/deependraverma/.m2/repository/org/junit/jupiter/junit-jupiter/5.12.2/junit-jupiter-5.12.2.jar:/Users/deependraverma/.m2/repository/org/junit/jupiter/junit-jupiter-api/5.12.2/junit-jupiter-api-5.12.2.jar:/Users/deependraverma/.m2/repository/org/opentest4j/opentest4j/1.3.0/opentest4j-1.3.0.jar:/Users/deependraverma/.m2/repository/org/junit/platform/junit-platform-commons/1.12.2/junit-platform-commons-1.12.2.jar:/Users/deependraverma/.m2/repository/org/apiguardian/apiguardian-api/1.1.2/apiguardian-api-1.1.2.jar:/Users/deependraverma/.m2/repository/org/junit/jupiter/junit-jupiter-params/5.12.2/junit-jupiter-params-5.12.2.jar:/Users/deependraverma/.m2/repository/org/junit/jupiter/junit-jupiter-engine/5.12.2/junit-jupiter-engine-5.12.2.jar:/Users/deependraverma/.m2/repository/org/junit/platform/junit-platform-engine/1.12.2/junit-platform-engine-1.12.2.jar:/Users/deependraverma/.m2/repository/org/mockito/mockito-core/5.17.0/mockito-core-5.17.0.jar:/Users/deependraverma/.m2/repository/net/bytebuddy/byte-buddy-agent/1.17.6/byte-buddy-agent-1.17.6.jar:/Users/deependraverma/.m2/repository/org/objenesis/objenesis/3.3/objenesis-3.3.jar:/Users/deependraverma/.m2/repository/org/mockito/mockito-junit-jupiter/5.17.0/mockito-junit-jupiter-5.17.0.jar:/Users/deependraverma/.m2/repository/org/skyscreamer/jsonassert/1.5.3/jsonassert-1.5.3.jar:/Users/deependraverma/.m2/repository/com/vaadin/external/google/android-json/0.0.20131108.vaadin1/android-json-0.0.20131108.vaadin1.jar:/Users/deependraverma/.m2/repository/org/springframework/spring-core/6.2.8/spring-core-6.2.8.jar:/Users/deependraverma/.m2/repository/org/springframework/spring-jcl/6.2.8/spring-jcl-6.2.8.jar:/Users/deependraverma/.m2/repository/org/springframework/spring-test/6.2.8/spring-test-6.2.8.jar:/Users/deependraverma/.m2/repository/org/xmlunit/xmlunit-core/2.10.2/xmlunit-core-2.10.2.jar:/Users/deependraverma/.m2/repository/org/testcontainers/testcontainers/1.19.0/testcontainers-1.19.0.jar:/Users/deependraverma/.m2/repository/junit/junit/4.13.2/junit-4.13.2.jar:/Users/deependraverma/.m2/repository/org/hamcrest/hamcrest-core/3.0/hamcrest-core-3.0.jar:/Users/deependraverma/.m2/repository/org/slf4j/slf4j-api/2.0.17/slf4j-api-2.0.17.jar:/Users/deependraverma/.m2/repository/org/apache/commons/commons-compress/1.23.0/commons-compress-1.23.0.jar:/Users/deependraverma/.m2/repository/org/rnorth/duct-tape/duct-tape/1.0.8/duct-tape-1.0.8.jar:/Users/deependraverma/.m2/repository/org/jetbrains/annotations/17.0.0/annotations-17.0.0.jar:/Users/deependraverma/.m2/repository/com/github/docker-java/docker-java-api/3.3.3/docker-java-api-3.3.3.jar:/Users/deependraverma/.m2/repository/com/github/docker-java/docker-java-transport-zerodep/3.3.3/docker-java-transport-zerodep-3.3.3.jar:/Users/deependraverma/.m2/repository/com/github/docker-java/docker-java-transport/3.3.3/docker-java-transport-3.3.3.jar:/Users/deependraverma/.m2/repository/net/java/dev/jna/jna/5.12.1/jna-5.12.1.jar:/Users/deependraverma/.m2/repository/org/testcontainers/postgresql/1.19.0/postgresql-1.19.0.jar:/Users/deependraverma/.m2/repository/org/testcontainers/jdbc/1.21.2/jdbc-1.21.2.jar:/Users/deependraverma/.m2/repository/org/testcontainers/database-commons/1.21.2/database-commons-1.21.2.jar:/Users/deependraverma/.m2/repository/org/testcontainers/junit-jupiter/1.19.0/junit-jupiter-1.19.0.jar:/Users/deependraverma/.m2/repository/org/mockito/mockito-inline/4.11.0/mockito-inline-4.11.0.jar:"/>
    <property name="java.vm.vendor" value="Oracle Corporation"/>
    <property name="sun.arch.data.model" value="64"/>
    <property name="java.vendor.url" value="https://java.oracle.com/"/>
    <property name="catalina.useNaming" value="false"/>
    <property name="user.timezone" value="Asia/Kolkata"/>
    <property name="org.jboss.logging.provider" value="slf4j"/>
    <property name="os.name" value="Mac OS X"/>
    <property name="java.vm.specification.version" value="21"/>
    <property name="APPLICATION_NAME" value="catalog-service"/>
    <property name="sun.java.launcher" value="SUN_STANDARD"/>
    <property name="user.country" value="IN"/>
    <property name="sun.boot.library.path" value="/Library/Java/JavaVirtualMachines/jdk-21.jdk/Contents/Home/lib"/>
    <property name="sun.java.command" value="/Users/deependraverma/Documents/Projects/AI/swifteats-delivery-service-new/catalog-service/target/surefire/surefirebooter-20250818212939521_3.jar /Users/deependraverma/Documents/Projects/AI/swifteats-delivery-service-new/catalog-service/target/surefire 2025-08-18T21-29-39_440-jvmRun1 surefire-20250818212939521_1tmp surefire_0-20250818212939521_2tmp"/>
    <property name="http.nonProxyHosts" value="local|*.local|169.254/16|*.169.254/16"/>
    <property name="jdk.debug" value="release"/>
    <property name="surefire.test.class.path" value="/Users/deependraverma/Documents/Projects/AI/swifteats-delivery-service-new/catalog-service/target/test-classes:/Users/deependraverma/Documents/Projects/AI/swifteats-delivery-service-new/catalog-service/target/classes:/Users/deependraverma/.m2/repository/org/springframework/boot/spring-boot-starter-web/3.5.2/spring-boot-starter-web-3.5.2.jar:/Users/deependraverma/.m2/repository/org/springframework/boot/spring-boot-starter/3.5.2/spring-boot-starter-3.5.2.jar:/Users/deependraverma/.m2/repository/org/springframework/boot/spring-boot/3.5.2/spring-boot-3.5.2.jar:/Users/deependraverma/.m2/repository/org/springframework/boot/spring-boot-autoconfigure/3.5.2/spring-boot-autoconfigure-3.5.2.jar:/Users/deependraverma/.m2/repository/jakarta/annotation/jakarta.annotation-api/2.1.1/jakarta.annotation-api-2.1.1.jar:/Users/deependraverma/.m2/repository/org/yaml/snakeyaml/2.4/snakeyaml-2.4.jar:/Users/deependraverma/.m2/repository/org/springframework/boot/spring-boot-starter-json/3.5.2/spring-boot-starter-json-3.5.2.jar:/Users/deependraverma/.m2/repository/com/fasterxml/jackson/datatype/jackson-datatype-jdk8/2.19.1/jackson-datatype-jdk8-2.19.1.jar:/Users/deependraverma/.m2/repository/com/fasterxml/jackson/module/jackson-module-parameter-names/2.19.1/jackson-module-parameter-names-2.19.1.jar:/Users/deependraverma/.m2/repository/org/springframework/boot/spring-boot-starter-tomcat/3.5.2/spring-boot-starter-tomcat-3.5.2.jar:/Users/deependraverma/.m2/repository/org/apache/tomcat/embed/tomcat-embed-core/10.1.42/tomcat-embed-core-10.1.42.jar:/Users/deependraverma/.m2/repository/org/apache/tomcat/embed/tomcat-embed-el/10.1.42/tomcat-embed-el-10.1.42.jar:/Users/deependraverma/.m2/repository/org/apache/tomcat/embed/tomcat-embed-websocket/10.1.42/tomcat-embed-websocket-10.1.42.jar:/Users/deependraverma/.m2/repository/org/springframework/spring-web/6.2.8/spring-web-6.2.8.jar:/Users/deependraverma/.m2/repository/org/springframework/spring-beans/6.2.8/spring-beans-6.2.8.jar:/Users/deependraverma/.m2/repository/org/springframework/spring-webmvc/6.2.8/spring-webmvc-6.2.8.jar:/Users/deependraverma/.m2/repository/org/springframework/spring-aop/6.2.8/spring-aop-6.2.8.jar:/Users/deependraverma/.m2/repository/org/springframework/spring-context/6.2.8/spring-context-6.2.8.jar:/Users/deependraverma/.m2/repository/org/springframework/spring-expression/6.2.8/spring-expression-6.2.8.jar:/Users/deependraverma/.m2/repository/org/springframework/boot/spring-boot-starter-actuator/3.5.2/spring-boot-starter-actuator-3.5.2.jar:/Users/deependraverma/.m2/repository/org/springframework/boot/spring-boot-actuator-autoconfigure/3.5.2/spring-boot-actuator-autoconfigure-3.5.2.jar:/Users/deependraverma/.m2/repository/org/springframework/boot/spring-boot-actuator/3.5.2/spring-boot-actuator-3.5.2.jar:/Users/deependraverma/.m2/repository/io/micrometer/micrometer-observation/1.15.1/micrometer-observation-1.15.1.jar:/Users/deependraverma/.m2/repository/io/micrometer/micrometer-commons/1.15.1/micrometer-commons-1.15.1.jar:/Users/deependraverma/.m2/repository/io/micrometer/micrometer-jakarta9/1.15.1/micrometer-jakarta9-1.15.1.jar:/Users/deependraverma/.m2/repository/io/micrometer/micrometer-core/1.15.1/micrometer-core-1.15.1.jar:/Users/deependraverma/.m2/repository/org/hdrhistogram/HdrHistogram/2.2.2/HdrHistogram-2.2.2.jar:/Users/deependraverma/.m2/repository/org/latencyutils/LatencyUtils/2.0.3/LatencyUtils-2.0.3.jar:/Users/deependraverma/.m2/repository/org/springframework/boot/spring-boot-starter-data-jpa/3.5.2/spring-boot-starter-data-jpa-3.5.2.jar:/Users/deependraverma/.m2/repository/org/springframework/boot/spring-boot-starter-jdbc/3.5.2/spring-boot-starter-jdbc-3.5.2.jar:/Users/deependraverma/.m2/repository/com/zaxxer/HikariCP/6.3.0/HikariCP-6.3.0.jar:/Users/deependraverma/.m2/repository/org/springframework/spring-jdbc/6.2.8/spring-jdbc-6.2.8.jar:/Users/deependraverma/.m2/repository/org/hibernate/orm/hibernate-core/6.6.18.Final/hibernate-core-6.6.18.Final.jar:/Users/deependraverma/.m2/repository/jakarta/persistence/jakarta.persistence-api/3.1.0/jakarta.persistence-api-3.1.0.jar:/Users/deependraverma/.m2/repository/jakarta/transaction/jakarta.transaction-api/2.0.1/jakarta.transaction-api-2.0.1.jar:/Users/deependraverma/.m2/repository/org/jboss/logging/jboss-logging/3.6.1.Final/jboss-logging-3.6.1.Final.jar:/Users/deependraverma/.m2/repository/org/hibernate/common/hibernate-commons-annotations/7.0.3.Final/hibernate-commons-annotations-7.0.3.Final.jar:/Users/deependraverma/.m2/repository/io/smallrye/jandex/3.2.0/jandex-3.2.0.jar:/Users/deependraverma/.m2/repository/com/fasterxml/classmate/1.7.0/classmate-1.7.0.jar:/Users/deependraverma/.m2/repository/net/bytebuddy/byte-buddy/1.17.6/byte-buddy-1.17.6.jar:/Users/deependraverma/.m2/repository/org/glassfish/jaxb/jaxb-runtime/4.0.5/jaxb-runtime-4.0.5.jar:/Users/deependraverma/.m2/repository/org/glassfish/jaxb/jaxb-core/4.0.5/jaxb-core-4.0.5.jar:/Users/deependraverma/.m2/repository/org/eclipse/angus/angus-activation/2.0.2/angus-activation-2.0.2.jar:/Users/deependraverma/.m2/repository/org/glassfish/jaxb/txw2/4.0.5/txw2-4.0.5.jar:/Users/deependraverma/.m2/repository/com/sun/istack/istack-commons-runtime/4.1.2/istack-commons-runtime-4.1.2.jar:/Users/deependraverma/.m2/repository/jakarta/inject/jakarta.inject-api/2.0.1/jakarta.inject-api-2.0.1.jar:/Users/deependraverma/.m2/repository/org/antlr/antlr4-runtime/4.13.0/antlr4-runtime-4.13.0.jar:/Users/deependraverma/.m2/repository/org/springframework/data/spring-data-jpa/3.5.1/spring-data-jpa-3.5.1.jar:/Users/deependraverma/.m2/repository/org/springframework/data/spring-data-commons/3.5.1/spring-data-commons-3.5.1.jar:/Users/deependraverma/.m2/repository/org/springframework/spring-orm/6.2.8/spring-orm-6.2.8.jar:/Users/deependraverma/.m2/repository/org/springframework/spring-tx/6.2.8/spring-tx-6.2.8.jar:/Users/deependraverma/.m2/repository/org/springframework/spring-aspects/6.2.8/spring-aspects-6.2.8.jar:/Users/deependraverma/.m2/repository/org/aspectj/aspectjweaver/1.9.24/aspectjweaver-1.9.24.jar:/Users/deependraverma/.m2/repository/org/postgresql/postgresql/42.7.7/postgresql-42.7.7.jar:/Users/deependraverma/.m2/repository/org/checkerframework/checker-qual/3.49.3/checker-qual-3.49.3.jar:/Users/deependraverma/.m2/repository/org/springframework/boot/spring-boot-starter-data-redis/3.5.2/spring-boot-starter-data-redis-3.5.2.jar:/Users/deependraverma/.m2/repository/io/lettuce/lettuce-core/6.6.0.RELEASE/lettuce-core-6.6.0.RELEASE.jar:/Users/deependraverma/.m2/repository/redis/clients/authentication/redis-authx-core/0.1.1-beta2/redis-authx-core-0.1.1-beta2.jar:/Users/deependraverma/.m2/repository/io/netty/netty-common/4.1.122.Final/netty-common-4.1.122.Final.jar:/Users/deependraverma/.m2/repository/io/netty/netty-handler/4.1.122.Final/netty-handler-4.1.122.Final.jar:/Users/deependraverma/.m2/repository/io/netty/netty-resolver/4.1.122.Final/netty-resolver-4.1.122.Final.jar:/Users/deependraverma/.m2/repository/io/netty/netty-buffer/4.1.122.Final/netty-buffer-4.1.122.Final.jar:/Users/deependraverma/.m2/repository/io/netty/netty-transport-native-unix-common/4.1.122.Final/netty-transport-native-unix-common-4.1.122.Final.jar:/Users/deependraverma/.m2/repository/io/netty/netty-codec/4.1.122.Final/netty-codec-4.1.122.Final.jar:/Users/deependraverma/.m2/repository/io/netty/netty-transport/4.1.122.Final/netty-transport-4.1.122.Final.jar:/Users/deependraverma/.m2/repository/io/projectreactor/reactor-core/3.7.7/reactor-core-3.7.7.jar:/Users/deependraverma/.m2/repository/org/reactivestreams/reactive-streams/1.0.4/reactive-streams-1.0.4.jar:/Users/deependraverma/.m2/repository/org/springframework/data/spring-data-redis/3.5.1/spring-data-redis-3.5.1.jar:/Users/deependraverma/.m2/repository/org/springframework/data/spring-data-keyvalue/3.5.1/spring-data-keyvalue-3.5.1.jar:/Users/deependraverma/.m2/repository/org/springframework/spring-oxm/6.2.8/spring-oxm-6.2.8.jar:/Users/deependraverma/.m2/repository/com/swifteats/common/0.1.0-SNAPSHOT/common-0.1.0-SNAPSHOT.jar:/Users/deependraverma/.m2/repository/org/springframework/boot/spring-boot-starter-logging/3.5.2/spring-boot-starter-logging-3.5.2.jar:/Users/deependraverma/.m2/repository/ch/qos/logback/logback-classic/1.5.18/logback-classic-1.5.18.jar:/Users/deependraverma/.m2/repository/ch/qos/logback/logback-core/1.5.18/logback-core-1.5.18.jar:/Users/deependraverma/.m2/repository/org/apache/logging/log4j/log4j-to-slf4j/2.24.3/log4j-to-slf4j-2.24.3.jar:/Users/deependraverma/.m2/repository/org/apache/logging/log4j/log4j-api/2.24.3/log4j-api-2.24.3.jar:/Users/deependraverma/.m2/repository/org/slf4j/jul-to-slf4j/2.0.17/jul-to-slf4j-2.0.17.jar:/Users/deependraverma/.m2/repository/com/fasterxml/jackson/core/jackson-databind/2.19.1/jackson-databind-2.19.1.jar:/Users/deependraverma/.m2/repository/com/fasterxml/jackson/core/jackson-annotations/2.19.1/jackson-annotations-2.19.1.jar:/Users/deependraverma/.m2/repository/com/fasterxml/jackson/core/jackson-core/2.19.1/jackson-core-2.19.1.jar:/Users/deependraverma/.m2/repository/org/flywaydb/flyway-core/11.7.2/flyway-core-11.7.2.jar:/Users/deependraverma/.m2/repository/com/fasterxml/jackson/dataformat/jackson-dataformat-toml/2.19.1/jackson-dataformat-toml-2.19.1.jar:/Users/deependraverma/.m2/repository/com/fasterxml/jackson/datatype/jackson-datatype-jsr310/2.19.1/jackson-datatype-jsr310-2.19.1.jar:/Users/deependraverma/.m2/repository/org/springframework/boot/spring-boot-starter-cache/3.5.2/spring-boot-starter-cache-3.5.2.jar:/Users/deependraverma/.m2/repository/org/springframework/spring-context-support/6.2.8/spring-context-support-6.2.8.jar:/Users/deependraverma/.m2/repository/org/springframework/boot/spring-boot-starter-test/3.5.2/spring-boot-starter-test-3.5.2.jar:/Users/deependraverma/.m2/repository/org/springframework/boot/spring-boot-test/3.5.2/spring-boot-test-3.5.2.jar:/Users/deependraverma/.m2/repository/org/springframework/boot/spring-boot-test-autoconfigure/3.5.2/spring-boot-test-autoconfigure-3.5.2.jar:/Users/deependraverma/.m2/repository/com/jayway/jsonpath/json-path/2.9.0/json-path-2.9.0.jar:/Users/deependraverma/.m2/repository/jakarta/xml/bind/jakarta.xml.bind-api/4.0.2/jakarta.xml.bind-api-4.0.2.jar:/Users/deependraverma/.m2/repository/jakarta/activation/jakarta.activation-api/2.1.3/jakarta.activation-api-2.1.3.jar:/Users/deependraverma/.m2/repository/net/minidev/json-smart/2.5.2/json-smart-2.5.2.jar:/Users/deependraverma/.m2/repository/net/minidev/accessors-smart/2.5.2/accessors-smart-2.5.2.jar:/Users/deependraverma/.m2/repository/org/ow2/asm/asm/9.7.1/asm-9.7.1.jar:/Users/deependraverma/.m2/repository/org/assertj/assertj-core/3.27.3/assertj-core-3.27.3.jar:/Users/deependraverma/.m2/repository/org/awaitility/awaitility/4.2.2/awaitility-4.2.2.jar:/Users/deependraverma/.m2/repository/org/hamcrest/hamcrest/3.0/hamcrest-3.0.jar:/Users/deependraverma/.m2/repository/org/junit/jupiter/junit-jupiter/5.12.2/junit-jupiter-5.12.2.jar:/Users/deependraverma/.m2/repository/org/junit/jupiter/junit-jupiter-api/5.12.2/junit-jupiter-api-5.12.2.jar:/Users/deependraverma/.m2/repository/org/opentest4j/opentest4j/1.3.0/opentest4j-1.3.0.jar:/Users/deependraverma/.m2/repository/org/junit/platform/junit-platform-commons/1.12.2/junit-platform-commons-1.12.2.jar:/Users/deependraverma/.m2/repository/org/apiguardian/apiguardian-api/1.1.2/apiguardian-api-1.1.2.jar:/Users/deependraverma/.m2/repository/org/junit/jupiter/junit-jupiter-params/5.12.2/junit-jupiter-params-5.12.2.jar:/Users/deependraverma/.m2/repository/org/junit/jupiter/junit-jupiter-engine/5.12.2/junit-jupiter-engine-5.12.2.jar:/Users/deependraverma/.m2/repository/org/junit/platform/junit-platform-engine/1.12.2/junit-platform-engine-1.12.2.jar:/Users/deependraverma/.m2/repository/org/mockito/mockito-core/5.17.0/mockito-core-5.17.0.jar:/Users/deependraverma/.m2/repository/net/bytebuddy/byte-buddy-agent/1.17.6/byte-buddy-agent-1.17.6.jar:/Users/deependraverma/.m2/repository/org/objenesis/objenesis/3.3/objenesis-3.3.jar:/Users/deependraverma/.m2/repository/org/mockito/mockito-junit-jupiter/5.17.0/mockito-junit-jupiter-5.17.0.jar:/Users/deependraverma/.m2/repository/org/skyscreamer/jsonassert/1.5.3/jsonassert-1.5.3.jar:/Users/deependraverma/.m2/repository/com/vaadin/external/google/android-json/0.0.20131108.vaadin1/android-json-0.0.20131108.vaadin1.jar:/Users/deependraverma/.m2/repository/org/springframework/spring-core/6.2.8/spring-core-6.2.8.jar:/Users/deependraverma/.m2/repository/org/springframework/spring-jcl/6.2.8/spring-jcl-6.2.8.jar:/Users/deependraverma/.m2/repository/org/springframework/spring-test/6.2.8/spring-test-6.2.8.jar:/Users/deependraverma/.m2/repository/org/xmlunit/xmlunit-core/2.10.2/xmlunit-core-2.10.2.jar:/Users/deependraverma/.m2/repository/org/testcontainers/testcontainers/1.19.0/testcontainers-1.19.0.jar:/Users/deependraverma/.m2/repository/junit/junit/4.13.2/junit-4.13.2.jar:/Users/deependraverma/.m2/repository/org/hamcrest/hamcrest-core/3.0/hamcrest-core-3.0.jar:/Users/deependraverma/.m2/repository/org/slf4j/slf4j-api/2.0.17/slf4j-api-2.0.17.jar:/Users/deependraverma/.m2/repository/org/apache/commons/commons-compress/1.23.0/commons-compress-1.23.0.jar:/Users/deependraverma/.m2/repository/org/rnorth/duct-tape/duct-tape/1.0.8/duct-tape-1.0.8.jar:/Users/deependraverma/.m2/repository/org/jetbrains/annotations/17.0.0/annotations-17.0.0.jar:/Users/deependraverma/.m2/repository/com/github/docker-java/docker-java-api/3.3.3/docker-java-api-3.3.3.jar:/Users/deependraverma/.m2/repository/com/github/docker-java/docker-java-transport-zerodep/3.3.3/docker-java-transport-zerodep-3.3.3.jar:/Users/deependraverma/.m2/repository/com/github/docker-java/docker-java-transport/3.3.3/docker-java-transport-3.3.3.jar:/Users/deependraverma/.m2/repository/net/java/dev/jna/jna/5.12.1/jna-5.12.1.jar:/Users/deependraverma/.m2/repository/org/testcontainers/postgresql/1.19.0/postgresql-1.19.0.jar:/Users/deependraverma/.m2/repository/org/testcontainers/jdbc/1.21.2/jdbc-1.21.2.jar:/Users/deependraverma/.m2/repository/org/testcontainers/database-commons/1.21.2/database-commons-1.21.2.jar:/Users/deependraverma/.m2/repository/org/testcontainers/junit-jupiter/1.19.0/junit-jupiter-1.19.0.jar:/Users/deependraverma/.m2/repository/org/mockito/mockito-inline/4.11.0/mockito-inline-4.11.0.jar:"/>
    <property name="sun.cpu.endian" value="little"/>
    <property name="user.home" value="/Users/deependraverma"/>
    <property name="user.language" value="en"/>
    <property name="java.specification.vendor" value="Oracle Corporation"/>
    <property name="java.version.date" value="2024-04-16"/>
    <property name="java.home" value="/Library/Java/JavaVirtualMachines/jdk-21.jdk/Contents/Home"/>
    <property name="file.separator" value="/"/>
    <property name="basedir" value="/Users/deependraverma/Documents/Projects/AI/swifteats-delivery-service-new/catalog-service"/>
    <property name="java.vm.compressedOopsMode" value="Zero based"/>
    <property name="line.separator" value="&#10;"/>
    <property name="java.vm.specification.vendor" value="Oracle Corporation"/>
    <property name="java.specification.name" value="Java Platform API Specification"/>
    <property name="FILE_LOG_CHARSET" value="UTF-8"/>
    <property name="skipITs" value="true"/>
    <property name="java.awt.headless" value="true"/>
    <property name="apple.awt.application.name" value="ForkedBooter"/>
    <property name="surefire.real.class.path" value="/Users/deependraverma/Documents/Projects/AI/swifteats-delivery-service-new/catalog-service/target/surefire/surefirebooter-20250818212939521_3.jar"/>
    <property name="sun.management.compiler" value="HotSpot 64-Bit Tiered Compilers"/>
    <property name="ftp.nonProxyHosts" value="local|*.local|169.254/16|*.169.254/16"/>
    <property name="java.runtime.version" value="21.0.3+7-LTS-152"/>
    <property name="user.name" value="deependraverma"/>
    <property name="stdout.encoding" value="UTF-8"/>
    <property name="path.separator" value=":"/>
    <property name="os.version" value="15.6"/>
    <property name="java.runtime.name" value="Java(TM) SE Runtime Environment"/>
    <property name="file.encoding" value="UTF-8"/>
    <property name="java.vm.name" value="Java HotSpot(TM) 64-Bit Server VM"/>
    <property name="localRepository" value="/Users/deependraverma/.m2/repository"/>
    <property name="java.vendor.url.bug" value="https://bugreport.java.com/bugreport/"/>
    <property name="java.io.tmpdir" value="/var/folders/m1/czkl4tn11wz3gd4yx1f1dwd80000gn/T/"/>
    <property name="catalina.home" value="/private/var/folders/m1/czkl4tn11wz3gd4yx1f1dwd80000gn/T/tomcat.0.10285800113724174969"/>
    <property name="com.zaxxer.hikari.pool_number" value="2"/>
    <property name="java.version" value="21.0.3"/>
    <property name="user.dir" value="/Users/deependraverma/Documents/Projects/AI/swifteats-delivery-service-new/catalog-service"/>
    <property name="os.arch" value="aarch64"/>
    <property name="java.vm.specification.name" value="Java Virtual Machine Specification"/>
    <property name="PID" value="95349"/>
    <property name="CONSOLE_LOG_CHARSET" value="UTF-8"/>
    <property name="catalina.base" value="/private/var/folders/m1/czkl4tn11wz3gd4yx1f1dwd80000gn/T/tomcat.0.3715686904704958090"/>
    <property name="native.encoding" value="UTF-8"/>
    <property name="java.library.path" value="/Users/deependraverma/Library/Java/Extensions:/Library/Java/Extensions:/Network/Library/Java/Extensions:/System/Library/Java/Extensions:/usr/lib/java:."/>
    <property name="java.vm.info" value="mixed mode, sharing"/>
    <property name="stderr.encoding" value="UTF-8"/>
    <property name="java.vendor" value="Oracle Corporation"/>
    <property name="java.vm.version" value="21.0.3+7-LTS-152"/>
    <property name="sun.io.unicode.encoding" value="UnicodeBig"/>
    <property name="socksNonProxyHosts" value="local|*.local|169.254/16|*.169.254/16"/>
    <property name="java.class.version" value="65.0"/>
    <property name="LOGGED_APPLICATION_NAME" value="[catalog-service] "/>
  </properties>
  <testcase name="testCacheSetAndEvict" classname="com.swifteats.catalog.CatalogCacheIntegrationTest" time="0.37">
    <system-out><![CDATA[2025-08-18T21:29:44.899+05:30  INFO 95349 --- [catalog-service] [           main] tc.postgres:13                           : Creating container for image: postgres:13
2025-08-18T21:29:44.974+05:30  INFO 95349 --- [catalog-service] [           main] tc.postgres:13                           : Container postgres:13 is starting: d3a66225d2e80ab92bfcbff03e58731db7e333ba2ae613ff46c6c875eb253789
2025-08-18T21:29:45.685+05:30  INFO 95349 --- [catalog-service] [           main] tc.postgres:13                           : Container postgres:13 started in PT0.786183S
2025-08-18T21:29:45.685+05:30  INFO 95349 --- [catalog-service] [           main] tc.postgres:13                           : Container is started (JDBC URL: jdbc:postgresql://localhost:58340/testdb?loggerLevel=OFF)
2025-08-18T21:29:45.686+05:30  INFO 95349 --- [catalog-service] [           main] tc.redis:7                               : Creating container for image: redis:7
2025-08-18T21:29:45.729+05:30  INFO 95349 --- [catalog-service] [           main] tc.redis:7                               : Container redis:7 is starting: 438d70255b639a756ed67eaebd3d1e81dfee4d49e2714da8983737905386df8c
2025-08-18T21:29:45.934+05:30  INFO 95349 --- [catalog-service] [           main] tc.redis:7                               : Container redis:7 started in PT0.2484S
2025-08-18T21:29:45.937+05:30  INFO 95349 --- [catalog-service] [           main] t.c.s.AnnotationConfigContextLoaderUtils : Could not detect default configuration classes for test class [com.swifteats.catalog.CatalogCacheIntegrationTest]: CatalogCacheIntegrationTest does not declare any static, non-private, non-final, nested classes annotated with @Configuration.
2025-08-18T21:29:45.939+05:30  INFO 95349 --- [catalog-service] [           main] .b.t.c.SpringBootTestContextBootstrapper : Found @SpringBootConfiguration com.swifteats.catalog.CatalogApplication for test class com.swifteats.catalog.CatalogCacheIntegrationTest

  .   ____          _            __ _ _
 /\\ / ___'_ __ _ _(_)_ __  __ _ \ \ \ \
( ( )\___ | '_ | '_| | '_ \/ _` | \ \ \ \
 \\/  ___)| |_)| | | | | || (_| |  ) ) ) )
  '  |____| .__|_| |_|_| |_\__, | / / / /
 =========|_|==============|___/=/_/_/_/

 :: Spring Boot ::                (v3.5.2)

2025-08-18T21:29:45.952+05:30  INFO 95349 --- [catalog-service] [           main] c.s.catalog.CatalogCacheIntegrationTest  : Starting CatalogCacheIntegrationTest using Java 21.0.3 with PID 95349 (started by deependraverma in /Users/deependraverma/Documents/Projects/AI/swifteats-delivery-service-new/catalog-service)
2025-08-18T21:29:45.953+05:30  INFO 95349 --- [catalog-service] [           main] c.s.catalog.CatalogCacheIntegrationTest  : No active profile set, falling back to 1 default profile: "default"
2025-08-18T21:29:46.041+05:30  INFO 95349 --- [catalog-service] [           main] .s.d.r.c.RepositoryConfigurationDelegate : Multiple Spring Data modules found, entering strict repository configuration mode
2025-08-18T21:29:46.041+05:30  INFO 95349 --- [catalog-service] [           main] .s.d.r.c.RepositoryConfigurationDelegate : Bootstrapping Spring Data JPA repositories in DEFAULT mode.
2025-08-18T21:29:46.045+05:30  INFO 95349 --- [catalog-service] [           main] .s.d.r.c.RepositoryConfigurationDelegate : Finished Spring Data repository scanning in 3 ms. Found 2 JPA repository interfaces.
2025-08-18T21:29:46.046+05:30  INFO 95349 --- [catalog-service] [           main] .s.d.r.c.RepositoryConfigurationDelegate : Multiple Spring Data modules found, entering strict repository configuration mode
2025-08-18T21:29:46.046+05:30  INFO 95349 --- [catalog-service] [           main] .s.d.r.c.RepositoryConfigurationDelegate : Bootstrapping Spring Data Redis repositories in DEFAULT mode.
2025-08-18T21:29:46.048+05:30  INFO 95349 --- [catalog-service] [           main] .RepositoryConfigurationExtensionSupport : Spring Data Redis - Could not safely identify store assignment for repository candidate interface com.swifteats.catalog.repo.MenuItemRepository; If you want this repository to be a Redis repository, consider annotating your entities with one of these annotations: org.springframework.data.redis.core.RedisHash (preferred), or consider extending one of the following types with your repository: org.springframework.data.keyvalue.repository.KeyValueRepository
2025-08-18T21:29:46.048+05:30  INFO 95349 --- [catalog-service] [           main] .RepositoryConfigurationExtensionSupport : Spring Data Redis - Could not safely identify store assignment for repository candidate interface com.swifteats.catalog.repo.RestaurantRepository; If you want this repository to be a Redis repository, consider annotating your entities with one of these annotations: org.springframework.data.redis.core.RedisHash (preferred), or consider extending one of the following types with your repository: org.springframework.data.keyvalue.repository.KeyValueRepository
2025-08-18T21:29:46.048+05:30  INFO 95349 --- [catalog-service] [           main] .s.d.r.c.RepositoryConfigurationDelegate : Finished Spring Data repository scanning in 1 ms. Found 0 Redis repository interfaces.
2025-08-18T21:29:46.075+05:30  INFO 95349 --- [catalog-service] [           main] o.s.b.w.embedded.tomcat.TomcatWebServer  : Tomcat initialized with port 0 (http)
2025-08-18T21:29:46.075+05:30  INFO 95349 --- [catalog-service] [           main] o.apache.catalina.core.StandardService   : Starting service [Tomcat]
2025-08-18T21:29:46.075+05:30  INFO 95349 --- [catalog-service] [           main] o.apache.catalina.core.StandardEngine    : Starting Servlet engine: [Apache Tomcat/10.1.42]
2025-08-18T21:29:46.082+05:30  INFO 95349 --- [catalog-service] [           main] o.a.c.c.C.[Tomcat-1].[localhost].[/]     : Initializing Spring embedded WebApplicationContext
2025-08-18T21:29:46.082+05:30  INFO 95349 --- [catalog-service] [           main] w.s.c.ServletWebServerApplicationContext : Root WebApplicationContext: initialization completed in 129 ms
2025-08-18T21:29:46.108+05:30  INFO 95349 --- [catalog-service] [           main] com.zaxxer.hikari.HikariDataSource       : HikariPool-2 - Starting...
2025-08-18T21:29:46.115+05:30  INFO 95349 --- [catalog-service] [           main] com.zaxxer.hikari.pool.HikariPool        : HikariPool-2 - Added connection org.postgresql.jdbc.PgConnection@3b9bfa09
2025-08-18T21:29:46.116+05:30  INFO 95349 --- [catalog-service] [           main] com.zaxxer.hikari.HikariDataSource       : HikariPool-2 - Start completed.
2025-08-18T21:29:46.116+05:30  INFO 95349 --- [catalog-service] [           main] o.hibernate.jpa.internal.util.LogHelper  : HHH000204: Processing PersistenceUnitInfo [name: default]
2025-08-18T21:29:46.117+05:30  INFO 95349 --- [catalog-service] [           main] o.h.c.internal.RegionFactoryInitiator    : HHH000026: Second-level cache disabled
2025-08-18T21:29:46.119+05:30  INFO 95349 --- [catalog-service] [           main] o.s.o.j.p.SpringPersistenceUnitInfo      : No LoadTimeWeaver setup: ignoring JPA class transformer
2025-08-18T21:29:46.124+05:30  INFO 95349 --- [catalog-service] [           main] org.hibernate.orm.connections.pooling    : HHH10001005: Database info:
	Database JDBC URL [Connecting through datasource 'HikariDataSource (HikariPool-2)']
	Database driver: undefined/unknown
	Database version: 13.22
	Autocommit mode: undefined/unknown
	Isolation level: undefined/unknown
	Minimum pool size: undefined/unknown
	Maximum pool size: undefined/unknown
2025-08-18T21:29:46.133+05:30  INFO 95349 --- [catalog-service] [           main] o.h.e.t.j.p.i.JtaPlatformInitiator       : HHH000489: No JTA platform available (set 'hibernate.transaction.jta.platform' to enable JTA platform integration)
2025-08-18T21:29:46.133+05:30  INFO 95349 --- [catalog-service] [           main] j.LocalContainerEntityManagerFactoryBean : Initialized JPA EntityManagerFactory for persistence unit 'default'
2025-08-18T21:29:46.153+05:30  WARN 95349 --- [catalog-service] [           main] JpaBaseConfiguration$JpaWebConfiguration : spring.jpa.open-in-view is enabled by default. Therefore, database queries may be performed during view rendering. Explicitly configure spring.jpa.open-in-view to disable this warning
2025-08-18T21:29:46.216+05:30  INFO 95349 --- [catalog-service] [           main] o.s.b.a.e.web.EndpointLinksResolver      : Exposing 2 endpoints beneath base path '/actuator'
2025-08-18T21:29:46.224+05:30  INFO 95349 --- [catalog-service] [           main] o.s.b.w.embedded.tomcat.TomcatWebServer  : Tomcat started on port 58346 (http) with context path '/'
2025-08-18T21:29:46.226+05:30  INFO 95349 --- [catalog-service] [           main] c.s.catalog.CatalogCacheIntegrationTest  : Started CatalogCacheIntegrationTest in 0.285 seconds (process running for 6.667)
2025-08-18T21:29:46.352+05:30  INFO 95349 --- [catalog-service] [o-auto-2-exec-1] o.a.c.c.C.[Tomcat-1].[localhost].[/]     : Initializing Spring DispatcherServlet 'dispatcherServlet'
2025-08-18T21:29:46.352+05:30  INFO 95349 --- [catalog-service] [o-auto-2-exec-1] o.s.web.servlet.DispatcherServlet        : Initializing Servlet 'dispatcherServlet'
2025-08-18T21:29:46.353+05:30  INFO 95349 --- [catalog-service] [o-auto-2-exec-1] o.s.web.servlet.DispatcherServlet        : Completed initialization in 1 ms
]]></system-out>
  </testcase>
</testsuite>