<?xml version="1.0" encoding="UTF-8"?>
<testsuite xmlns:xsi="http://www.w3.org/2001/XMLSchema-instance" xsi:noNamespaceSchemaLocation="https://maven.apache.org/surefire/maven-surefire-plugin/xsd/surefire-test-report-3.0.xsd" version="3.0" name="com.swifteats.order.SuccessfulOutboxTest" time="1.229" tests="1" errors="0" skipped="0" failures="0">
  <properties>
    <property name="java.specification.version" value="21"/>
    <property name="sun.jnu.encoding" value="UTF-8"/>
    <property name="java.class.path" value="/Users/deependraverma/Documents/Projects/AI/swifteats-delivery-service-new/order-service/target/test-classes:/Users/deependraverma/Documents/Projects/AI/swifteats-delivery-service-new/order-service/target/classes:/Users/deependraverma/.m2/repository/org/springframework/boot/spring-boot-starter-web/3.5.2/spring-boot-starter-web-3.5.2.jar:/Users/deependraverma/.m2/repository/org/springframework/boot/spring-boot-starter/3.5.2/spring-boot-starter-3.5.2.jar:/Users/deependraverma/.m2/repository/org/springframework/boot/spring-boot/3.5.2/spring-boot-3.5.2.jar:/Users/deependraverma/.m2/repository/org/springframework/boot/spring-boot-autoconfigure/3.5.2/spring-boot-autoconfigure-3.5.2.jar:/Users/deependraverma/.m2/repository/jakarta/annotation/jakarta.annotation-api/2.1.1/jakarta.annotation-api-2.1.1.jar:/Users/deependraverma/.m2/repository/org/yaml/snakeyaml/2.4/snakeyaml-2.4.jar:/Users/deependraverma/.m2/repository/org/springframework/boot/spring-boot-starter-json/3.5.2/spring-boot-starter-json-3.5.2.jar:/Users/deependraverma/.m2/repository/com/fasterxml/jackson/datatype/jackson-datatype-jdk8/2.19.1/jackson-datatype-jdk8-2.19.1.jar:/Users/deependraverma/.m2/repository/com/fasterxml/jackson/module/jackson-module-parameter-names/2.19.1/jackson-module-parameter-names-2.19.1.jar:/Users/deependraverma/.m2/repository/org/springframework/boot/spring-boot-starter-tomcat/3.5.2/spring-boot-starter-tomcat-3.5.2.jar:/Users/deependraverma/.m2/repository/org/apache/tomcat/embed/tomcat-embed-core/10.1.42/tomcat-embed-core-10.1.42.jar:/Users/deependraverma/.m2/repository/org/apache/tomcat/embed/tomcat-embed-el/10.1.42/tomcat-embed-el-10.1.42.jar:/Users/deependraverma/.m2/repository/org/apache/tomcat/embed/tomcat-embed-websocket/10.1.42/tomcat-embed-websocket-10.1.42.jar:/Users/deependraverma/.m2/repository/org/springframework/spring-web/6.2.8/spring-web-6.2.8.jar:/Users/deependraverma/.m2/repository/org/springframework/spring-beans/6.2.8/spring-beans-6.2.8.jar:/Users/deependraverma/.m2/repository/org/springframework/spring-webmvc/6.2.8/spring-webmvc-6.2.8.jar:/Users/deependraverma/.m2/repository/org/springframework/spring-aop/6.2.8/spring-aop-6.2.8.jar:/Users/deependraverma/.m2/repository/org/springframework/spring-context/6.2.8/spring-context-6.2.8.jar:/Users/deependraverma/.m2/repository/org/springframework/spring-expression/6.2.8/spring-expression-6.2.8.jar:/Users/deependraverma/.m2/repository/org/springframework/boot/spring-boot-starter-actuator/3.5.2/spring-boot-starter-actuator-3.5.2.jar:/Users/deependraverma/.m2/repository/org/springframework/boot/spring-boot-actuator-autoconfigure/3.5.2/spring-boot-actuator-autoconfigure-3.5.2.jar:/Users/deependraverma/.m2/repository/org/springframework/boot/spring-boot-actuator/3.5.2/spring-boot-actuator-3.5.2.jar:/Users/deependraverma/.m2/repository/io/micrometer/micrometer-observation/1.15.1/micrometer-observation-1.15.1.jar:/Users/deependraverma/.m2/repository/io/micrometer/micrometer-commons/1.15.1/micrometer-commons-1.15.1.jar:/Users/deependraverma/.m2/repository/io/micrometer/micrometer-jakarta9/1.15.1/micrometer-jakarta9-1.15.1.jar:/Users/deependraverma/.m2/repository/io/micrometer/micrometer-core/1.15.1/micrometer-core-1.15.1.jar:/Users/deependraverma/.m2/repository/org/hdrhistogram/HdrHistogram/2.2.2/HdrHistogram-2.2.2.jar:/Users/deependraverma/.m2/repository/org/latencyutils/LatencyUtils/2.0.3/LatencyUtils-2.0.3.jar:/Users/deependraverma/.m2/repository/org/springframework/boot/spring-boot-starter-data-jpa/3.5.2/spring-boot-starter-data-jpa-3.5.2.jar:/Users/deependraverma/.m2/repository/org/springframework/boot/spring-boot-starter-jdbc/3.5.2/spring-boot-starter-jdbc-3.5.2.jar:/Users/deependraverma/.m2/repository/com/zaxxer/HikariCP/6.3.0/HikariCP-6.3.0.jar:/Users/deependraverma/.m2/repository/org/springframework/spring-jdbc/6.2.8/spring-jdbc-6.2.8.jar:/Users/deependraverma/.m2/repository/org/hibernate/orm/hibernate-core/6.6.18.Final/hibernate-core-6.6.18.Final.jar:/Users/deependraverma/.m2/repository/jakarta/persistence/jakarta.persistence-api/3.1.0/jakarta.persistence-api-3.1.0.jar:/Users/deependraverma/.m2/repository/jakarta/transaction/jakarta.transaction-api/2.0.1/jakarta.transaction-api-2.0.1.jar:/Users/deependraverma/.m2/repository/org/jboss/logging/jboss-logging/3.6.1.Final/jboss-logging-3.6.1.Final.jar:/Users/deependraverma/.m2/repository/org/hibernate/common/hibernate-commons-annotations/7.0.3.Final/hibernate-commons-annotations-7.0.3.Final.jar:/Users/deependraverma/.m2/repository/io/smallrye/jandex/3.2.0/jandex-3.2.0.jar:/Users/deependraverma/.m2/repository/com/fasterxml/classmate/1.7.0/classmate-1.7.0.jar:/Users/deependraverma/.m2/repository/net/bytebuddy/byte-buddy/1.17.6/byte-buddy-1.17.6.jar:/Users/deependraverma/.m2/repository/org/glassfish/jaxb/jaxb-runtime/4.0.5/jaxb-runtime-4.0.5.jar:/Users/deependraverma/.m2/repository/org/glassfish/jaxb/jaxb-core/4.0.5/jaxb-core-4.0.5.jar:/Users/deependraverma/.m2/repository/org/eclipse/angus/angus-activation/2.0.2/angus-activation-2.0.2.jar:/Users/deependraverma/.m2/repository/org/glassfish/jaxb/txw2/4.0.5/txw2-4.0.5.jar:/Users/deependraverma/.m2/repository/com/sun/istack/istack-commons-runtime/4.1.2/istack-commons-runtime-4.1.2.jar:/Users/deependraverma/.m2/repository/jakarta/inject/jakarta.inject-api/2.0.1/jakarta.inject-api-2.0.1.jar:/Users/deependraverma/.m2/repository/org/antlr/antlr4-runtime/4.13.0/antlr4-runtime-4.13.0.jar:/Users/deependraverma/.m2/repository/org/springframework/data/spring-data-jpa/3.5.1/spring-data-jpa-3.5.1.jar:/Users/deependraverma/.m2/repository/org/springframework/data/spring-data-commons/3.5.1/spring-data-commons-3.5.1.jar:/Users/deependraverma/.m2/repository/org/springframework/spring-orm/6.2.8/spring-orm-6.2.8.jar:/Users/deependraverma/.m2/repository/org/springframework/spring-tx/6.2.8/spring-tx-6.2.8.jar:/Users/deependraverma/.m2/repository/org/springframework/spring-aspects/6.2.8/spring-aspects-6.2.8.jar:/Users/deependraverma/.m2/repository/org/aspectj/aspectjweaver/1.9.24/aspectjweaver-1.9.24.jar:/Users/deependraverma/.m2/repository/org/springframework/boot/spring-boot-starter-amqp/3.5.2/spring-boot-starter-amqp-3.5.2.jar:/Users/deependraverma/.m2/repository/org/springframework/spring-messaging/6.2.8/spring-messaging-6.2.8.jar:/Users/deependraverma/.m2/repository/org/springframework/amqp/spring-rabbit/3.2.5/spring-rabbit-3.2.5.jar:/Users/deependraverma/.m2/repository/org/springframework/amqp/spring-amqp/3.2.5/spring-amqp-3.2.5.jar:/Users/deependraverma/.m2/repository/org/springframework/retry/spring-retry/2.0.12/spring-retry-2.0.12.jar:/Users/deependraverma/.m2/repository/com/rabbitmq/amqp-client/5.25.0/amqp-client-5.25.0.jar:/Users/deependraverma/.m2/repository/org/postgresql/postgresql/42.7.7/postgresql-42.7.7.jar:/Users/deependraverma/.m2/repository/org/checkerframework/checker-qual/3.49.3/checker-qual-3.49.3.jar:/Users/deependraverma/Documents/Projects/AI/swifteats-delivery-service-new/common/target/common-0.1.0-SNAPSHOT.jar:/Users/deependraverma/.m2/repository/org/springframework/boot/spring-boot-starter-logging/3.5.2/spring-boot-starter-logging-3.5.2.jar:/Users/deependraverma/.m2/repository/ch/qos/logback/logback-classic/1.5.18/logback-classic-1.5.18.jar:/Users/deependraverma/.m2/repository/ch/qos/logback/logback-core/1.5.18/logback-core-1.5.18.jar:/Users/deependraverma/.m2/repository/org/apache/logging/log4j/log4j-to-slf4j/2.24.3/log4j-to-slf4j-2.24.3.jar:/Users/deependraverma/.m2/repository/org/apache/logging/log4j/log4j-api/2.24.3/log4j-api-2.24.3.jar:/Users/deependraverma/.m2/repository/org/slf4j/jul-to-slf4j/2.0.17/jul-to-slf4j-2.0.17.jar:/Users/deependraverma/.m2/repository/com/fasterxml/jackson/core/jackson-databind/2.19.1/jackson-databind-2.19.1.jar:/Users/deependraverma/.m2/repository/com/fasterxml/jackson/core/jackson-annotations/2.19.1/jackson-annotations-2.19.1.jar:/Users/deependraverma/.m2/repository/com/fasterxml/jackson/core/jackson-core/2.19.1/jackson-core-2.19.1.jar:/Users/deependraverma/.m2/repository/net/logstash/logback/logstash-logback-encoder/7.4/logstash-logback-encoder-7.4.jar:/Users/deependraverma/.m2/repository/org/flywaydb/flyway-core/11.7.2/flyway-core-11.7.2.jar:/Users/deependraverma/.m2/repository/com/fasterxml/jackson/dataformat/jackson-dataformat-toml/2.19.1/jackson-dataformat-toml-2.19.1.jar:/Users/deependraverma/.m2/repository/com/fasterxml/jackson/datatype/jackson-datatype-jsr310/2.19.1/jackson-datatype-jsr310-2.19.1.jar:/Users/deependraverma/.m2/repository/org/springframework/boot/spring-boot-starter-test/3.5.2/spring-boot-starter-test-3.5.2.jar:/Users/deependraverma/.m2/repository/org/springframework/boot/spring-boot-test/3.5.2/spring-boot-test-3.5.2.jar:/Users/deependraverma/.m2/repository/org/springframework/boot/spring-boot-test-autoconfigure/3.5.2/spring-boot-test-autoconfigure-3.5.2.jar:/Users/deependraverma/.m2/repository/com/jayway/jsonpath/json-path/2.9.0/json-path-2.9.0.jar:/Users/deependraverma/.m2/repository/jakarta/xml/bind/jakarta.xml.bind-api/4.0.2/jakarta.xml.bind-api-4.0.2.jar:/Users/deependraverma/.m2/repository/jakarta/activation/jakarta.activation-api/2.1.3/jakarta.activation-api-2.1.3.jar:/Users/deependraverma/.m2/repository/net/minidev/json-smart/2.5.2/json-smart-2.5.2.jar:/Users/deependraverma/.m2/repository/net/minidev/accessors-smart/2.5.2/accessors-smart-2.5.2.jar:/Users/deependraverma/.m2/repository/org/ow2/asm/asm/9.7.1/asm-9.7.1.jar:/Users/deependraverma/.m2/repository/org/assertj/assertj-core/3.27.3/assertj-core-3.27.3.jar:/Users/deependraverma/.m2/repository/org/awaitility/awaitility/4.2.2/awaitility-4.2.2.jar:/Users/deependraverma/.m2/repository/org/hamcrest/hamcrest/3.0/hamcrest-3.0.jar:/Users/deependraverma/.m2/repository/org/junit/jupiter/junit-jupiter/5.12.2/junit-jupiter-5.12.2.jar:/Users/deependraverma/.m2/repository/org/junit/jupiter/junit-jupiter-api/5.12.2/junit-jupiter-api-5.12.2.jar:/Users/deependraverma/.m2/repository/org/opentest4j/opentest4j/1.3.0/opentest4j-1.3.0.jar:/Users/deependraverma/.m2/repository/org/junit/platform/junit-platform-commons/1.12.2/junit-platform-commons-1.12.2.jar:/Users/deependraverma/.m2/repository/org/apiguardian/apiguardian-api/1.1.2/apiguardian-api-1.1.2.jar:/Users/deependraverma/.m2/repository/org/junit/jupiter/junit-jupiter-params/5.12.2/junit-jupiter-params-5.12.2.jar:/Users/deependraverma/.m2/repository/org/junit/jupiter/junit-jupiter-engine/5.12.2/junit-jupiter-engine-5.12.2.jar:/Users/deependraverma/.m2/repository/org/junit/platform/junit-platform-engine/1.12.2/junit-platform-engine-1.12.2.jar:/Users/deependraverma/.m2/repository/org/mockito/mockito-core/5.17.0/mockito-core-5.17.0.jar:/Users/deependraverma/.m2/repository/net/bytebuddy/byte-buddy-agent/1.17.6/byte-buddy-agent-1.17.6.jar:/Users/deependraverma/.m2/repository/org/objenesis/objenesis/3.3/objenesis-3.3.jar:/Users/deependraverma/.m2/repository/org/mockito/mockito-junit-jupiter/5.17.0/mockito-junit-jupiter-5.17.0.jar:/Users/deependraverma/.m2/repository/org/skyscreamer/jsonassert/1.5.3/jsonassert-1.5.3.jar:/Users/deependraverma/.m2/repository/com/vaadin/external/google/android-json/0.0.20131108.vaadin1/android-json-0.0.20131108.vaadin1.jar:/Users/deependraverma/.m2/repository/org/springframework/spring-core/6.2.8/spring-core-6.2.8.jar:/Users/deependraverma/.m2/repository/org/springframework/spring-jcl/6.2.8/spring-jcl-6.2.8.jar:/Users/deependraverma/.m2/repository/org/springframework/spring-test/6.2.8/spring-test-6.2.8.jar:/Users/deependraverma/.m2/repository/org/xmlunit/xmlunit-core/2.10.2/xmlunit-core-2.10.2.jar:/Users/deependraverma/.m2/repository/org/testcontainers/testcontainers/1.19.0/testcontainers-1.19.0.jar:/Users/deependraverma/.m2/repository/junit/junit/4.13.2/junit-4.13.2.jar:/Users/deependraverma/.m2/repository/org/hamcrest/hamcrest-core/3.0/hamcrest-core-3.0.jar:/Users/deependraverma/.m2/repository/org/slf4j/slf4j-api/2.0.17/slf4j-api-2.0.17.jar:/Users/deependraverma/.m2/repository/org/apache/commons/commons-compress/1.23.0/commons-compress-1.23.0.jar:/Users/deependraverma/.m2/repository/org/rnorth/duct-tape/duct-tape/1.0.8/duct-tape-1.0.8.jar:/Users/deependraverma/.m2/repository/org/jetbrains/annotations/17.0.0/annotations-17.0.0.jar:/Users/deependraverma/.m2/repository/com/github/docker-java/docker-java-api/3.3.3/docker-java-api-3.3.3.jar:/Users/deependraverma/.m2/repository/com/github/docker-java/docker-java-transport-zerodep/3.3.3/docker-java-transport-zerodep-3.3.3.jar:/Users/deependraverma/.m2/repository/com/github/docker-java/docker-java-transport/3.3.3/docker-java-transport-3.3.3.jar:/Users/deependraverma/.m2/repository/net/java/dev/jna/jna/5.12.1/jna-5.12.1.jar:/Users/deependraverma/.m2/repository/org/testcontainers/postgresql/1.19.0/postgresql-1.19.0.jar:/Users/deependraverma/.m2/repository/org/testcontainers/jdbc/1.21.2/jdbc-1.21.2.jar:/Users/deependraverma/.m2/repository/org/testcontainers/database-commons/1.21.2/database-commons-1.21.2.jar:/Users/deependraverma/.m2/repository/org/testcontainers/rabbitmq/1.19.0/rabbitmq-1.19.0.jar:/Users/deependraverma/.m2/repository/org/testcontainers/junit-jupiter/1.19.0/junit-jupiter-1.19.0.jar:/Users/deependraverma/.m2/repository/org/mockito/mockito-inline/4.11.0/mockito-inline-4.11.0.jar:"/>
    <property name="java.vm.vendor" value="Oracle Corporation"/>
    <property name="sun.arch.data.model" value="64"/>
    <property name="catalina.useNaming" value="false"/>
    <property name="java.vendor.url" value="https://java.oracle.com/"/>
    <property name="user.timezone" value="Asia/Kolkata"/>
    <property name="org.jboss.logging.provider" value="slf4j"/>
    <property name="os.name" value="Mac OS X"/>
    <property name="java.vm.specification.version" value="21"/>
    <property name="APPLICATION_NAME" value="order-service"/>
    <property name="sun.java.launcher" value="SUN_STANDARD"/>
    <property name="user.country" value="IN"/>
    <property name="sun.boot.library.path" value="/Library/Java/JavaVirtualMachines/jdk-21.jdk/Contents/Home/lib"/>
    <property name="sun.java.command" value="/Users/deependraverma/Documents/Projects/AI/swifteats-delivery-service-new/order-service/target/surefire/surefirebooter-20250818184101278_11.jar /Users/deependraverma/Documents/Projects/AI/swifteats-delivery-service-new/order-service/target/surefire 2025-08-18T18-40-46_543-jvmRun1 surefire-20250818184101278_9tmp surefire_1-20250818184101278_10tmp"/>
    <property name="http.nonProxyHosts" value="local|*.local|169.254/16|*.169.254/16"/>
    <property name="jdk.debug" value="release"/>
    <property name="surefire.test.class.path" value="/Users/deependraverma/Documents/Projects/AI/swifteats-delivery-service-new/order-service/target/test-classes:/Users/deependraverma/Documents/Projects/AI/swifteats-delivery-service-new/order-service/target/classes:/Users/deependraverma/.m2/repository/org/springframework/boot/spring-boot-starter-web/3.5.2/spring-boot-starter-web-3.5.2.jar:/Users/deependraverma/.m2/repository/org/springframework/boot/spring-boot-starter/3.5.2/spring-boot-starter-3.5.2.jar:/Users/deependraverma/.m2/repository/org/springframework/boot/spring-boot/3.5.2/spring-boot-3.5.2.jar:/Users/deependraverma/.m2/repository/org/springframework/boot/spring-boot-autoconfigure/3.5.2/spring-boot-autoconfigure-3.5.2.jar:/Users/deependraverma/.m2/repository/jakarta/annotation/jakarta.annotation-api/2.1.1/jakarta.annotation-api-2.1.1.jar:/Users/deependraverma/.m2/repository/org/yaml/snakeyaml/2.4/snakeyaml-2.4.jar:/Users/deependraverma/.m2/repository/org/springframework/boot/spring-boot-starter-json/3.5.2/spring-boot-starter-json-3.5.2.jar:/Users/deependraverma/.m2/repository/com/fasterxml/jackson/datatype/jackson-datatype-jdk8/2.19.1/jackson-datatype-jdk8-2.19.1.jar:/Users/deependraverma/.m2/repository/com/fasterxml/jackson/module/jackson-module-parameter-names/2.19.1/jackson-module-parameter-names-2.19.1.jar:/Users/deependraverma/.m2/repository/org/springframework/boot/spring-boot-starter-tomcat/3.5.2/spring-boot-starter-tomcat-3.5.2.jar:/Users/deependraverma/.m2/repository/org/apache/tomcat/embed/tomcat-embed-core/10.1.42/tomcat-embed-core-10.1.42.jar:/Users/deependraverma/.m2/repository/org/apache/tomcat/embed/tomcat-embed-el/10.1.42/tomcat-embed-el-10.1.42.jar:/Users/deependraverma/.m2/repository/org/apache/tomcat/embed/tomcat-embed-websocket/10.1.42/tomcat-embed-websocket-10.1.42.jar:/Users/deependraverma/.m2/repository/org/springframework/spring-web/6.2.8/spring-web-6.2.8.jar:/Users/deependraverma/.m2/repository/org/springframework/spring-beans/6.2.8/spring-beans-6.2.8.jar:/Users/deependraverma/.m2/repository/org/springframework/spring-webmvc/6.2.8/spring-webmvc-6.2.8.jar:/Users/deependraverma/.m2/repository/org/springframework/spring-aop/6.2.8/spring-aop-6.2.8.jar:/Users/deependraverma/.m2/repository/org/springframework/spring-context/6.2.8/spring-context-6.2.8.jar:/Users/deependraverma/.m2/repository/org/springframework/spring-expression/6.2.8/spring-expression-6.2.8.jar:/Users/deependraverma/.m2/repository/org/springframework/boot/spring-boot-starter-actuator/3.5.2/spring-boot-starter-actuator-3.5.2.jar:/Users/deependraverma/.m2/repository/org/springframework/boot/spring-boot-actuator-autoconfigure/3.5.2/spring-boot-actuator-autoconfigure-3.5.2.jar:/Users/deependraverma/.m2/repository/org/springframework/boot/spring-boot-actuator/3.5.2/spring-boot-actuator-3.5.2.jar:/Users/deependraverma/.m2/repository/io/micrometer/micrometer-observation/1.15.1/micrometer-observation-1.15.1.jar:/Users/deependraverma/.m2/repository/io/micrometer/micrometer-commons/1.15.1/micrometer-commons-1.15.1.jar:/Users/deependraverma/.m2/repository/io/micrometer/micrometer-jakarta9/1.15.1/micrometer-jakarta9-1.15.1.jar:/Users/deependraverma/.m2/repository/io/micrometer/micrometer-core/1.15.1/micrometer-core-1.15.1.jar:/Users/deependraverma/.m2/repository/org/hdrhistogram/HdrHistogram/2.2.2/HdrHistogram-2.2.2.jar:/Users/deependraverma/.m2/repository/org/latencyutils/LatencyUtils/2.0.3/LatencyUtils-2.0.3.jar:/Users/deependraverma/.m2/repository/org/springframework/boot/spring-boot-starter-data-jpa/3.5.2/spring-boot-starter-data-jpa-3.5.2.jar:/Users/deependraverma/.m2/repository/org/springframework/boot/spring-boot-starter-jdbc/3.5.2/spring-boot-starter-jdbc-3.5.2.jar:/Users/deependraverma/.m2/repository/com/zaxxer/HikariCP/6.3.0/HikariCP-6.3.0.jar:/Users/deependraverma/.m2/repository/org/springframework/spring-jdbc/6.2.8/spring-jdbc-6.2.8.jar:/Users/deependraverma/.m2/repository/org/hibernate/orm/hibernate-core/6.6.18.Final/hibernate-core-6.6.18.Final.jar:/Users/deependraverma/.m2/repository/jakarta/persistence/jakarta.persistence-api/3.1.0/jakarta.persistence-api-3.1.0.jar:/Users/deependraverma/.m2/repository/jakarta/transaction/jakarta.transaction-api/2.0.1/jakarta.transaction-api-2.0.1.jar:/Users/deependraverma/.m2/repository/org/jboss/logging/jboss-logging/3.6.1.Final/jboss-logging-3.6.1.Final.jar:/Users/deependraverma/.m2/repository/org/hibernate/common/hibernate-commons-annotations/7.0.3.Final/hibernate-commons-annotations-7.0.3.Final.jar:/Users/deependraverma/.m2/repository/io/smallrye/jandex/3.2.0/jandex-3.2.0.jar:/Users/deependraverma/.m2/repository/com/fasterxml/classmate/1.7.0/classmate-1.7.0.jar:/Users/deependraverma/.m2/repository/net/bytebuddy/byte-buddy/1.17.6/byte-buddy-1.17.6.jar:/Users/deependraverma/.m2/repository/org/glassfish/jaxb/jaxb-runtime/4.0.5/jaxb-runtime-4.0.5.jar:/Users/deependraverma/.m2/repository/org/glassfish/jaxb/jaxb-core/4.0.5/jaxb-core-4.0.5.jar:/Users/deependraverma/.m2/repository/org/eclipse/angus/angus-activation/2.0.2/angus-activation-2.0.2.jar:/Users/deependraverma/.m2/repository/org/glassfish/jaxb/txw2/4.0.5/txw2-4.0.5.jar:/Users/deependraverma/.m2/repository/com/sun/istack/istack-commons-runtime/4.1.2/istack-commons-runtime-4.1.2.jar:/Users/deependraverma/.m2/repository/jakarta/inject/jakarta.inject-api/2.0.1/jakarta.inject-api-2.0.1.jar:/Users/deependraverma/.m2/repository/org/antlr/antlr4-runtime/4.13.0/antlr4-runtime-4.13.0.jar:/Users/deependraverma/.m2/repository/org/springframework/data/spring-data-jpa/3.5.1/spring-data-jpa-3.5.1.jar:/Users/deependraverma/.m2/repository/org/springframework/data/spring-data-commons/3.5.1/spring-data-commons-3.5.1.jar:/Users/deependraverma/.m2/repository/org/springframework/spring-orm/6.2.8/spring-orm-6.2.8.jar:/Users/deependraverma/.m2/repository/org/springframework/spring-tx/6.2.8/spring-tx-6.2.8.jar:/Users/deependraverma/.m2/repository/org/springframework/spring-aspects/6.2.8/spring-aspects-6.2.8.jar:/Users/deependraverma/.m2/repository/org/aspectj/aspectjweaver/1.9.24/aspectjweaver-1.9.24.jar:/Users/deependraverma/.m2/repository/org/springframework/boot/spring-boot-starter-amqp/3.5.2/spring-boot-starter-amqp-3.5.2.jar:/Users/deependraverma/.m2/repository/org/springframework/spring-messaging/6.2.8/spring-messaging-6.2.8.jar:/Users/deependraverma/.m2/repository/org/springframework/amqp/spring-rabbit/3.2.5/spring-rabbit-3.2.5.jar:/Users/deependraverma/.m2/repository/org/springframework/amqp/spring-amqp/3.2.5/spring-amqp-3.2.5.jar:/Users/deependraverma/.m2/repository/org/springframework/retry/spring-retry/2.0.12/spring-retry-2.0.12.jar:/Users/deependraverma/.m2/repository/com/rabbitmq/amqp-client/5.25.0/amqp-client-5.25.0.jar:/Users/deependraverma/.m2/repository/org/postgresql/postgresql/42.7.7/postgresql-42.7.7.jar:/Users/deependraverma/.m2/repository/org/checkerframework/checker-qual/3.49.3/checker-qual-3.49.3.jar:/Users/deependraverma/Documents/Projects/AI/swifteats-delivery-service-new/common/target/common-0.1.0-SNAPSHOT.jar:/Users/deependraverma/.m2/repository/org/springframework/boot/spring-boot-starter-logging/3.5.2/spring-boot-starter-logging-3.5.2.jar:/Users/deependraverma/.m2/repository/ch/qos/logback/logback-classic/1.5.18/logback-classic-1.5.18.jar:/Users/deependraverma/.m2/repository/ch/qos/logback/logback-core/1.5.18/logback-core-1.5.18.jar:/Users/deependraverma/.m2/repository/org/apache/logging/log4j/log4j-to-slf4j/2.24.3/log4j-to-slf4j-2.24.3.jar:/Users/deependraverma/.m2/repository/org/apache/logging/log4j/log4j-api/2.24.3/log4j-api-2.24.3.jar:/Users/deependraverma/.m2/repository/org/slf4j/jul-to-slf4j/2.0.17/jul-to-slf4j-2.0.17.jar:/Users/deependraverma/.m2/repository/com/fasterxml/jackson/core/jackson-databind/2.19.1/jackson-databind-2.19.1.jar:/Users/deependraverma/.m2/repository/com/fasterxml/jackson/core/jackson-annotations/2.19.1/jackson-annotations-2.19.1.jar:/Users/deependraverma/.m2/repository/com/fasterxml/jackson/core/jackson-core/2.19.1/jackson-core-2.19.1.jar:/Users/deependraverma/.m2/repository/net/logstash/logback/logstash-logback-encoder/7.4/logstash-logback-encoder-7.4.jar:/Users/deependraverma/.m2/repository/org/flywaydb/flyway-core/11.7.2/flyway-core-11.7.2.jar:/Users/deependraverma/.m2/repository/com/fasterxml/jackson/dataformat/jackson-dataformat-toml/2.19.1/jackson-dataformat-toml-2.19.1.jar:/Users/deependraverma/.m2/repository/com/fasterxml/jackson/datatype/jackson-datatype-jsr310/2.19.1/jackson-datatype-jsr310-2.19.1.jar:/Users/deependraverma/.m2/repository/org/springframework/boot/spring-boot-starter-test/3.5.2/spring-boot-starter-test-3.5.2.jar:/Users/deependraverma/.m2/repository/org/springframework/boot/spring-boot-test/3.5.2/spring-boot-test-3.5.2.jar:/Users/deependraverma/.m2/repository/org/springframework/boot/spring-boot-test-autoconfigure/3.5.2/spring-boot-test-autoconfigure-3.5.2.jar:/Users/deependraverma/.m2/repository/com/jayway/jsonpath/json-path/2.9.0/json-path-2.9.0.jar:/Users/deependraverma/.m2/repository/jakarta/xml/bind/jakarta.xml.bind-api/4.0.2/jakarta.xml.bind-api-4.0.2.jar:/Users/deependraverma/.m2/repository/jakarta/activation/jakarta.activation-api/2.1.3/jakarta.activation-api-2.1.3.jar:/Users/deependraverma/.m2/repository/net/minidev/json-smart/2.5.2/json-smart-2.5.2.jar:/Users/deependraverma/.m2/repository/net/minidev/accessors-smart/2.5.2/accessors-smart-2.5.2.jar:/Users/deependraverma/.m2/repository/org/ow2/asm/asm/9.7.1/asm-9.7.1.jar:/Users/deependraverma/.m2/repository/org/assertj/assertj-core/3.27.3/assertj-core-3.27.3.jar:/Users/deependraverma/.m2/repository/org/awaitility/awaitility/4.2.2/awaitility-4.2.2.jar:/Users/deependraverma/.m2/repository/org/hamcrest/hamcrest/3.0/hamcrest-3.0.jar:/Users/deependraverma/.m2/repository/org/junit/jupiter/junit-jupiter/5.12.2/junit-jupiter-5.12.2.jar:/Users/deependraverma/.m2/repository/org/junit/jupiter/junit-jupiter-api/5.12.2/junit-jupiter-api-5.12.2.jar:/Users/deependraverma/.m2/repository/org/opentest4j/opentest4j/1.3.0/opentest4j-1.3.0.jar:/Users/deependraverma/.m2/repository/org/junit/platform/junit-platform-commons/1.12.2/junit-platform-commons-1.12.2.jar:/Users/deependraverma/.m2/repository/org/apiguardian/apiguardian-api/1.1.2/apiguardian-api-1.1.2.jar:/Users/deependraverma/.m2/repository/org/junit/jupiter/junit-jupiter-params/5.12.2/junit-jupiter-params-5.12.2.jar:/Users/deependraverma/.m2/repository/org/junit/jupiter/junit-jupiter-engine/5.12.2/junit-jupiter-engine-5.12.2.jar:/Users/deependraverma/.m2/repository/org/junit/platform/junit-platform-engine/1.12.2/junit-platform-engine-1.12.2.jar:/Users/deependraverma/.m2/repository/org/mockito/mockito-core/5.17.0/mockito-core-5.17.0.jar:/Users/deependraverma/.m2/repository/net/bytebuddy/byte-buddy-agent/1.17.6/byte-buddy-agent-1.17.6.jar:/Users/deependraverma/.m2/repository/org/objenesis/objenesis/3.3/objenesis-3.3.jar:/Users/deependraverma/.m2/repository/org/mockito/mockito-junit-jupiter/5.17.0/mockito-junit-jupiter-5.17.0.jar:/Users/deependraverma/.m2/repository/org/skyscreamer/jsonassert/1.5.3/jsonassert-1.5.3.jar:/Users/deependraverma/.m2/repository/com/vaadin/external/google/android-json/0.0.20131108.vaadin1/android-json-0.0.20131108.vaadin1.jar:/Users/deependraverma/.m2/repository/org/springframework/spring-core/6.2.8/spring-core-6.2.8.jar:/Users/deependraverma/.m2/repository/org/springframework/spring-jcl/6.2.8/spring-jcl-6.2.8.jar:/Users/deependraverma/.m2/repository/org/springframework/spring-test/6.2.8/spring-test-6.2.8.jar:/Users/deependraverma/.m2/repository/org/xmlunit/xmlunit-core/2.10.2/xmlunit-core-2.10.2.jar:/Users/deependraverma/.m2/repository/org/testcontainers/testcontainers/1.19.0/testcontainers-1.19.0.jar:/Users/deependraverma/.m2/repository/junit/junit/4.13.2/junit-4.13.2.jar:/Users/deependraverma/.m2/repository/org/hamcrest/hamcrest-core/3.0/hamcrest-core-3.0.jar:/Users/deependraverma/.m2/repository/org/slf4j/slf4j-api/2.0.17/slf4j-api-2.0.17.jar:/Users/deependraverma/.m2/repository/org/apache/commons/commons-compress/1.23.0/commons-compress-1.23.0.jar:/Users/deependraverma/.m2/repository/org/rnorth/duct-tape/duct-tape/1.0.8/duct-tape-1.0.8.jar:/Users/deependraverma/.m2/repository/org/jetbrains/annotations/17.0.0/annotations-17.0.0.jar:/Users/deependraverma/.m2/repository/com/github/docker-java/docker-java-api/3.3.3/docker-java-api-3.3.3.jar:/Users/deependraverma/.m2/repository/com/github/docker-java/docker-java-transport-zerodep/3.3.3/docker-java-transport-zerodep-3.3.3.jar:/Users/deependraverma/.m2/repository/com/github/docker-java/docker-java-transport/3.3.3/docker-java-transport-3.3.3.jar:/Users/deependraverma/.m2/repository/net/java/dev/jna/jna/5.12.1/jna-5.12.1.jar:/Users/deependraverma/.m2/repository/org/testcontainers/postgresql/1.19.0/postgresql-1.19.0.jar:/Users/deependraverma/.m2/repository/org/testcontainers/jdbc/1.21.2/jdbc-1.21.2.jar:/Users/deependraverma/.m2/repository/org/testcontainers/database-commons/1.21.2/database-commons-1.21.2.jar:/Users/deependraverma/.m2/repository/org/testcontainers/rabbitmq/1.19.0/rabbitmq-1.19.0.jar:/Users/deependraverma/.m2/repository/org/testcontainers/junit-jupiter/1.19.0/junit-jupiter-1.19.0.jar:/Users/deependraverma/.m2/repository/org/mockito/mockito-inline/4.11.0/mockito-inline-4.11.0.jar:"/>
    <property name="sun.cpu.endian" value="little"/>
    <property name="user.home" value="/Users/deependraverma"/>
    <property name="user.language" value="en"/>
    <property name="java.specification.vendor" value="Oracle Corporation"/>
    <property name="java.version.date" value="2024-04-16"/>
    <property name="java.home" value="/Library/Java/JavaVirtualMachines/jdk-21.jdk/Contents/Home"/>
    <property name="file.separator" value="/"/>
    <property name="basedir" value="/Users/deependraverma/Documents/Projects/AI/swifteats-delivery-service-new/order-service"/>
    <property name="java.vm.compressedOopsMode" value="Zero based"/>
    <property name="line.separator" value="&#10;"/>
    <property name="java.vm.specification.vendor" value="Oracle Corporation"/>
    <property name="java.specification.name" value="Java Platform API Specification"/>
    <property name="FILE_LOG_CHARSET" value="UTF-8"/>
    <property name="java.awt.headless" value="true"/>
    <property name="apple.awt.application.name" value="ForkedBooter"/>
    <property name="surefire.real.class.path" value="/Users/deependraverma/Documents/Projects/AI/swifteats-delivery-service-new/order-service/target/surefire/surefirebooter-20250818184101278_11.jar"/>
    <property name="sun.management.compiler" value="HotSpot 64-Bit Tiered Compilers"/>
    <property name="ftp.nonProxyHosts" value="local|*.local|169.254/16|*.169.254/16"/>
    <property name="java.runtime.version" value="21.0.3+7-LTS-152"/>
    <property name="user.name" value="deependraverma"/>
    <property name="stdout.encoding" value="UTF-8"/>
    <property name="path.separator" value=":"/>
    <property name="os.version" value="15.6"/>
    <property name="java.runtime.name" value="Java(TM) SE Runtime Environment"/>
    <property name="file.encoding" value="UTF-8"/>
    <property name="java.vm.name" value="Java HotSpot(TM) 64-Bit Server VM"/>
    <property name="skipTests" value="false"/>
    <property name="localRepository" value="/Users/deependraverma/.m2/repository"/>
    <property name="java.vendor.url.bug" value="https://bugreport.java.com/bugreport/"/>
    <property name="java.io.tmpdir" value="/var/folders/m1/czkl4tn11wz3gd4yx1f1dwd80000gn/T/"/>
    <property name="catalina.home" value="/private/var/folders/m1/czkl4tn11wz3gd4yx1f1dwd80000gn/T/tomcat.0.3717740811528645987"/>
    <property name="com.zaxxer.hikari.pool_number" value="4"/>
    <property name="java.version" value="21.0.3"/>
    <property name="user.dir" value="/Users/deependraverma/Documents/Projects/AI/swifteats-delivery-service-new/order-service"/>
    <property name="os.arch" value="aarch64"/>
    <property name="java.vm.specification.name" value="Java Virtual Machine Specification"/>
    <property name="PID" value="69246"/>
    <property name="CONSOLE_LOG_CHARSET" value="UTF-8"/>
    <property name="catalina.base" value="/private/var/folders/m1/czkl4tn11wz3gd4yx1f1dwd80000gn/T/tomcat.0.16950753701222523082"/>
    <property name="native.encoding" value="UTF-8"/>
    <property name="java.library.path" value="/Users/deependraverma/Library/Java/Extensions:/Library/Java/Extensions:/Network/Library/Java/Extensions:/System/Library/Java/Extensions:/usr/lib/java:."/>
    <property name="java.vm.info" value="mixed mode, sharing"/>
    <property name="stderr.encoding" value="UTF-8"/>
    <property name="java.vendor" value="Oracle Corporation"/>
    <property name="java.vm.version" value="21.0.3+7-LTS-152"/>
    <property name="sun.io.unicode.encoding" value="UnicodeBig"/>
    <property name="socksNonProxyHosts" value="local|*.local|169.254/16|*.169.254/16"/>
    <property name="java.class.version" value="65.0"/>
    <property name="LOGGED_APPLICATION_NAME" value="[order-service] "/>
  </properties>
  <testcase name="whenCreateOrder_thenOutboxEventPersisted" classname="com.swifteats.order.SuccessfulOutboxTest" time="0.028">
    <system-out><![CDATA[2025-08-18T18:41:18.700+05:30  INFO 69246 --- [order-service] [           main] tc.postgres:13                           : Creating container for image: postgres:13
{"@timestamp":"2025-08-18T18:41:18.700706+05:30","@version":"1","message":"Creating container for image: postgres:13","logger_name":"tc.postgres:13","thread_name":"main","level":"INFO"}
2025-08-18T18:41:18.768+05:30  INFO 69246 --- [order-service] [           main] tc.postgres:13                           : Container postgres:13 is starting: 976cd43e3132b268186dbf3c7dd837171a46a6a573725bae573d99cc0ec1d30c
{"@timestamp":"2025-08-18T18:41:18.768421+05:30","@version":"1","message":"Container postgres:13 is starting: 976cd43e3132b268186dbf3c7dd837171a46a6a573725bae573d99cc0ec1d30c","logger_name":"tc.postgres:13","thread_name":"main","level":"INFO"}
2025-08-18T18:41:19.450+05:30  INFO 69246 --- [order-service] [           main] tc.postgres:13                           : Container postgres:13 started in PT0.74942S
{"@timestamp":"2025-08-18T18:41:19.450134+05:30","@version":"1","message":"Container postgres:13 started in PT0.74942S","logger_name":"tc.postgres:13","thread_name":"main","level":"INFO"}
2025-08-18T18:41:19.450+05:30  INFO 69246 --- [order-service] [           main] tc.postgres:13                           : Container is started (JDBC URL: jdbc:postgresql://localhost:56800/testdb?loggerLevel=OFF)
{"@timestamp":"2025-08-18T18:41:19.450662+05:30","@version":"1","message":"Container is started (JDBC URL: jdbc:postgresql://localhost:56800/testdb?loggerLevel=OFF)","logger_name":"tc.postgres:13","thread_name":"main","level":"INFO"}
2025-08-18T18:41:19.455+05:30  INFO 69246 --- [order-service] [           main] t.c.s.AnnotationConfigContextLoaderUtils : Could not detect default configuration classes for test class [com.swifteats.order.SuccessfulOutboxTest]: SuccessfulOutboxTest does not declare any static, non-private, non-final, nested classes annotated with @Configuration.
{"@timestamp":"2025-08-18T18:41:19.455524+05:30","@version":"1","message":"Could not detect default configuration classes for test class [com.swifteats.order.SuccessfulOutboxTest]: SuccessfulOutboxTest does not declare any static, non-private, non-final, nested classes annotated with @Configuration.","logger_name":"org.springframework.test.context.support.AnnotationConfigContextLoaderUtils","thread_name":"main","level":"INFO"}
2025-08-18T18:41:19.457+05:30  INFO 69246 --- [order-service] [           main] .b.t.c.SpringBootTestContextBootstrapper : Found @SpringBootConfiguration com.swifteats.order.OrderApplication for test class com.swifteats.order.SuccessfulOutboxTest
{"@timestamp":"2025-08-18T18:41:19.457888+05:30","@version":"1","message":"Found @SpringBootConfiguration com.swifteats.order.OrderApplication for test class com.swifteats.order.SuccessfulOutboxTest","logger_name":"org.springframework.boot.test.context.SpringBootTestContextBootstrapper","thread_name":"main","level":"INFO"}

  .   ____          _            __ _ _
 /\\ / ___'_ __ _ _(_)_ __  __ _ \ \ \ \
( ( )\___ | '_ | '_| | '_ \/ _` | \ \ \ \
 \\/  ___)| |_)| | | | | || (_| |  ) ) ) )
  '  |____| .__|_| |_|_| |_\__, | / / / /
 =========|_|==============|___/=/_/_/_/

 :: Spring Boot ::                (v3.5.2)

2025-08-18T18:41:19.478+05:30  INFO 69246 --- [order-service] [           main] c.swifteats.order.SuccessfulOutboxTest   : Starting SuccessfulOutboxTest using Java 21.0.3 with PID 69246 (started by deependraverma in /Users/deependraverma/Documents/Projects/AI/swifteats-delivery-service-new/order-service)
{"@timestamp":"2025-08-18T18:41:19.478534+05:30","@version":"1","message":"Starting SuccessfulOutboxTest using Java 21.0.3 with PID 69246 (started by deependraverma in /Users/deependraverma/Documents/Projects/AI/swifteats-delivery-service-new/order-service)","logger_name":"com.swifteats.order.SuccessfulOutboxTest","thread_name":"main","level":"INFO"}
2025-08-18T18:41:19.478+05:30  INFO 69246 --- [order-service] [           main] c.swifteats.order.SuccessfulOutboxTest   : No active profile set, falling back to 1 default profile: "default"
{"@timestamp":"2025-08-18T18:41:19.478839+05:30","@version":"1","message":"No active profile set, falling back to 1 default profile: \"default\"","logger_name":"com.swifteats.order.SuccessfulOutboxTest","thread_name":"main","level":"INFO"}
2025-08-18T18:41:19.579+05:30  INFO 69246 --- [order-service] [           main] .s.d.r.c.RepositoryConfigurationDelegate : Bootstrapping Spring Data JPA repositories in DEFAULT mode.
{"@timestamp":"2025-08-18T18:41:19.579601+05:30","@version":"1","message":"Bootstrapping Spring Data JPA repositories in DEFAULT mode.","logger_name":"org.springframework.data.repository.config.RepositoryConfigurationDelegate","thread_name":"main","level":"INFO"}
2025-08-18T18:41:19.583+05:30  INFO 69246 --- [order-service] [           main] .s.d.r.c.RepositoryConfigurationDelegate : Finished Spring Data repository scanning in 2 ms. Found 2 JPA repository interfaces.
{"@timestamp":"2025-08-18T18:41:19.583403+05:30","@version":"1","message":"Finished Spring Data repository scanning in 2 ms. Found 2 JPA repository interfaces.","logger_name":"org.springframework.data.repository.config.RepositoryConfigurationDelegate","thread_name":"main","level":"INFO"}
2025-08-18T18:41:19.610+05:30  INFO 69246 --- [order-service] [           main] o.s.b.w.embedded.tomcat.TomcatWebServer  : Tomcat initialized with port 0 (http)
{"@timestamp":"2025-08-18T18:41:19.610252+05:30","@version":"1","message":"Tomcat initialized with port 0 (http)","logger_name":"org.springframework.boot.web.embedded.tomcat.TomcatWebServer","thread_name":"main","level":"INFO"}
2025-08-18T18:41:19.610+05:30  INFO 69246 --- [order-service] [           main] o.apache.catalina.core.StandardService   : Starting service [Tomcat]
{"@timestamp":"2025-08-18T18:41:19.610834+05:30","@version":"1","message":"Starting service [Tomcat]","logger_name":"org.apache.catalina.core.StandardService","thread_name":"main","level":"INFO"}
2025-08-18T18:41:19.610+05:30  INFO 69246 --- [order-service] [           main] o.apache.catalina.core.StandardEngine    : Starting Servlet engine: [Apache Tomcat/10.1.42]
{"@timestamp":"2025-08-18T18:41:19.610967+05:30","@version":"1","message":"Starting Servlet engine: [Apache Tomcat/10.1.42]","logger_name":"org.apache.catalina.core.StandardEngine","thread_name":"main","level":"INFO"}
2025-08-18T18:41:19.617+05:30  INFO 69246 --- [order-service] [           main] o.a.c.c.C.[Tomcat-3].[localhost].[/]     : Initializing Spring embedded WebApplicationContext
{"@timestamp":"2025-08-18T18:41:19.617142+05:30","@version":"1","message":"Initializing Spring embedded WebApplicationContext","logger_name":"org.apache.catalina.core.ContainerBase.[Tomcat-3].[localhost].[/]","thread_name":"main","level":"INFO"}
2025-08-18T18:41:19.617+05:30  INFO 69246 --- [order-service] [           main] w.s.c.ServletWebServerApplicationContext : Root WebApplicationContext: initialization completed in 138 ms
{"@timestamp":"2025-08-18T18:41:19.617317+05:30","@version":"1","message":"Root WebApplicationContext: initialization completed in 138 ms","logger_name":"org.springframework.boot.web.servlet.context.ServletWebServerApplicationContext","thread_name":"main","level":"INFO"}
2025-08-18T18:41:19.632+05:30  INFO 69246 --- [order-service] [           main] com.zaxxer.hikari.HikariDataSource       : HikariPool-4 - Starting...
{"@timestamp":"2025-08-18T18:41:19.632822+05:30","@version":"1","message":"HikariPool-4 - Starting...","logger_name":"com.zaxxer.hikari.HikariDataSource","thread_name":"main","level":"INFO"}
2025-08-18T18:41:19.642+05:30  INFO 69246 --- [order-service] [           main] com.zaxxer.hikari.pool.HikariPool        : HikariPool-4 - Added connection org.postgresql.jdbc.PgConnection@1464019a
{"@timestamp":"2025-08-18T18:41:19.642518+05:30","@version":"1","message":"HikariPool-4 - Added connection org.postgresql.jdbc.PgConnection@1464019a","logger_name":"com.zaxxer.hikari.pool.HikariPool","thread_name":"main","level":"INFO"}
2025-08-18T18:41:19.642+05:30  INFO 69246 --- [order-service] [           main] com.zaxxer.hikari.HikariDataSource       : HikariPool-4 - Start completed.
{"@timestamp":"2025-08-18T18:41:19.642767+05:30","@version":"1","message":"HikariPool-4 - Start completed.","logger_name":"com.zaxxer.hikari.HikariDataSource","thread_name":"main","level":"INFO"}
2025-08-18T18:41:19.643+05:30  INFO 69246 --- [order-service] [           main] o.hibernate.jpa.internal.util.LogHelper  : HHH000204: Processing PersistenceUnitInfo [name: default]
{"@timestamp":"2025-08-18T18:41:19.643155+05:30","@version":"1","message":"HHH000204: Processing PersistenceUnitInfo [name: default]","logger_name":"org.hibernate.jpa.internal.util.LogHelper","thread_name":"main","level":"INFO"}
2025-08-18T18:41:19.643+05:30  INFO 69246 --- [order-service] [           main] o.h.c.internal.RegionFactoryInitiator    : HHH000026: Second-level cache disabled
{"@timestamp":"2025-08-18T18:41:19.643935+05:30","@version":"1","message":"HHH000026: Second-level cache disabled","logger_name":"org.hibernate.cache.internal.RegionFactoryInitiator","thread_name":"main","level":"INFO"}
2025-08-18T18:41:19.646+05:30  INFO 69246 --- [order-service] [           main] o.s.o.j.p.SpringPersistenceUnitInfo      : No LoadTimeWeaver setup: ignoring JPA class transformer
{"@timestamp":"2025-08-18T18:41:19.646958+05:30","@version":"1","message":"No LoadTimeWeaver setup: ignoring JPA class transformer","logger_name":"org.springframework.orm.jpa.persistenceunit.SpringPersistenceUnitInfo","thread_name":"main","level":"INFO"}
2025-08-18T18:41:19.653+05:30  INFO 69246 --- [order-service] [           main] org.hibernate.orm.connections.pooling    : HHH10001005: Database info:
	Database JDBC URL [Connecting through datasource 'HikariDataSource (HikariPool-4)']
	Database driver: undefined/unknown
	Database version: 13.22
	Autocommit mode: undefined/unknown
	Isolation level: undefined/unknown
	Minimum pool size: undefined/unknown
	Maximum pool size: undefined/unknown
{"@timestamp":"2025-08-18T18:41:19.653599+05:30","@version":"1","message":"HHH10001005: Database info:\n\tDatabase JDBC URL [Connecting through datasource 'HikariDataSource (HikariPool-4)']\n\tDatabase driver: undefined/unknown\n\tDatabase version: 13.22\n\tAutocommit mode: undefined/unknown\n\tIsolation level: undefined/unknown\n\tMinimum pool size: undefined/unknown\n\tMaximum pool size: undefined/unknown","logger_name":"org.hibernate.orm.connections.pooling","thread_name":"main","level":"INFO"}
2025-08-18T18:41:19.664+05:30  INFO 69246 --- [order-service] [           main] o.h.e.t.j.p.i.JtaPlatformInitiator       : HHH000489: No JTA platform available (set 'hibernate.transaction.jta.platform' to enable JTA platform integration)
{"@timestamp":"2025-08-18T18:41:19.664073+05:30","@version":"1","message":"HHH000489: No JTA platform available (set 'hibernate.transaction.jta.platform' to enable JTA platform integration)","logger_name":"org.hibernate.engine.transaction.jta.platform.internal.JtaPlatformInitiator","thread_name":"main","level":"INFO"}
2025-08-18T18:41:19.664+05:30  INFO 69246 --- [order-service] [           main] j.LocalContainerEntityManagerFactoryBean : Initialized JPA EntityManagerFactory for persistence unit 'default'
{"@timestamp":"2025-08-18T18:41:19.664287+05:30","@version":"1","message":"Initialized JPA EntityManagerFactory for persistence unit 'default'","logger_name":"org.springframework.orm.jpa.LocalContainerEntityManagerFactoryBean","thread_name":"main","level":"INFO"}
2025-08-18T18:41:19.684+05:30  WARN 69246 --- [order-service] [           main] JpaBaseConfiguration$JpaWebConfiguration : spring.jpa.open-in-view is enabled by default. Therefore, database queries may be performed during view rendering. Explicitly configure spring.jpa.open-in-view to disable this warning
{"@timestamp":"2025-08-18T18:41:19.684404+05:30","@version":"1","message":"spring.jpa.open-in-view is enabled by default. Therefore, database queries may be performed during view rendering. Explicitly configure spring.jpa.open-in-view to disable this warning","logger_name":"org.springframework.boot.autoconfigure.orm.jpa.JpaBaseConfiguration$JpaWebConfiguration","thread_name":"main","level":"WARN"}
2025-08-18T18:41:19.685+05:30  WARN 69246 --- [order-service] [ntContainer#0-3] o.s.a.r.l.SimpleMessageListenerContainer : Consumer raised exception, processing can restart if the connection factory supports it. Exception summary: org.springframework.amqp.AmqpConnectException: java.net.ConnectException: Connection refused
{"@timestamp":"2025-08-18T18:41:19.685613+05:30","@version":"1","message":"Consumer raised exception, processing can restart if the connection factory supports it. Exception summary: org.springframework.amqp.AmqpConnectException: java.net.ConnectException: Connection refused","logger_name":"org.springframework.amqp.rabbit.listener.SimpleMessageListenerContainer","thread_name":"org.springframework.amqp.rabbit.RabbitListenerEndpointContainer#0-3","level":"WARN"}
2025-08-18T18:41:19.685+05:30  INFO 69246 --- [order-service] [ntContainer#0-3] o.s.a.r.l.SimpleMessageListenerContainer : Restarting Consumer@18c76117: tags=[[]], channel=null, acknowledgeMode=AUTO local queue size=0
{"@timestamp":"2025-08-18T18:41:19.685814+05:30","@version":"1","message":"Restarting Consumer@18c76117: tags=[[]], channel=null, acknowledgeMode=AUTO local queue size=0","logger_name":"org.springframework.amqp.rabbit.listener.SimpleMessageListenerContainer","thread_name":"org.springframework.amqp.rabbit.RabbitListenerEndpointContainer#0-3","level":"INFO"}
2025-08-18T18:41:19.686+05:30  INFO 69246 --- [order-service] [ntContainer#0-4] o.s.a.r.c.CachingConnectionFactory       : Attempting to connect to: localhost:56727
{"@timestamp":"2025-08-18T18:41:19.686347+05:30","@version":"1","message":"Attempting to connect to: localhost:56727","logger_name":"org.springframework.amqp.rabbit.connection.CachingConnectionFactory","thread_name":"org.springframework.amqp.rabbit.RabbitListenerEndpointContainer#0-4","level":"INFO"}
2025-08-18T18:41:19.686+05:30 ERROR 69246 --- [order-service] [ntContainer#0-4] o.s.a.r.l.SimpleMessageListenerContainer : Failed to check/redeclare auto-delete queue(s).
{"@timestamp":"2025-08-18T18:41:19.686925+05:30","@version":"1","message":"Failed to check/redeclare auto-delete queue(s).","logger_name":"org.springframework.amqp.rabbit.listener.SimpleMessageListenerContainer","thread_name":"org.springframework.amqp.rabbit.RabbitListenerEndpointContainer#0-4","level":"ERROR"}
2025-08-18T18:41:19.687+05:30  INFO 69246 --- [order-service] [ntContainer#0-4] o.s.a.r.c.CachingConnectionFactory       : Attempting to connect to: localhost:56727
{"@timestamp":"2025-08-18T18:41:19.687033+05:30","@version":"1","message":"Attempting to connect to: localhost:56727","logger_name":"org.springframework.amqp.rabbit.connection.CachingConnectionFactory","thread_name":"org.springframework.amqp.rabbit.RabbitListenerEndpointContainer#0-4","level":"INFO"}
2025-08-18T18:41:19.703+05:30  WARN 69246 --- [order-service] [ntContainer#1-3] o.s.a.r.l.SimpleMessageListenerContainer : Consumer raised exception, processing can restart if the connection factory supports it. Exception summary: org.springframework.amqp.AmqpConnectException: java.net.ConnectException: Connection refused
{"@timestamp":"2025-08-18T18:41:19.703903+05:30","@version":"1","message":"Consumer raised exception, processing can restart if the connection factory supports it. Exception summary: org.springframework.amqp.AmqpConnectException: java.net.ConnectException: Connection refused","logger_name":"org.springframework.amqp.rabbit.listener.SimpleMessageListenerContainer","thread_name":"org.springframework.amqp.rabbit.RabbitListenerEndpointContainer#1-3","level":"WARN"}
2025-08-18T18:41:19.704+05:30  INFO 69246 --- [order-service] [ntContainer#1-3] o.s.a.r.l.SimpleMessageListenerContainer : Restarting Consumer@2f7740c6: tags=[[]], channel=null, acknowledgeMode=AUTO local queue size=0
{"@timestamp":"2025-08-18T18:41:19.704191+05:30","@version":"1","message":"Restarting Consumer@2f7740c6: tags=[[]], channel=null, acknowledgeMode=AUTO local queue size=0","logger_name":"org.springframework.amqp.rabbit.listener.SimpleMessageListenerContainer","thread_name":"org.springframework.amqp.rabbit.RabbitListenerEndpointContainer#1-3","level":"INFO"}
2025-08-18T18:41:19.704+05:30  INFO 69246 --- [order-service] [ntContainer#1-4] o.s.a.r.c.CachingConnectionFactory       : Attempting to connect to: localhost:56727
{"@timestamp":"2025-08-18T18:41:19.704563+05:30","@version":"1","message":"Attempting to connect to: localhost:56727","logger_name":"org.springframework.amqp.rabbit.connection.CachingConnectionFactory","thread_name":"org.springframework.amqp.rabbit.RabbitListenerEndpointContainer#1-4","level":"INFO"}
2025-08-18T18:41:19.705+05:30 ERROR 69246 --- [order-service] [ntContainer#1-4] o.s.a.r.l.SimpleMessageListenerContainer : Failed to check/redeclare auto-delete queue(s).
{"@timestamp":"2025-08-18T18:41:19.705009+05:30","@version":"1","message":"Failed to check/redeclare auto-delete queue(s).","logger_name":"org.springframework.amqp.rabbit.listener.SimpleMessageListenerContainer","thread_name":"org.springframework.amqp.rabbit.RabbitListenerEndpointContainer#1-4","level":"ERROR"}
2025-08-18T18:41:19.705+05:30  INFO 69246 --- [order-service] [ntContainer#1-4] o.s.a.r.c.CachingConnectionFactory       : Attempting to connect to: localhost:56727
{"@timestamp":"2025-08-18T18:41:19.705132+05:30","@version":"1","message":"Attempting to connect to: localhost:56727","logger_name":"org.springframework.amqp.rabbit.connection.CachingConnectionFactory","thread_name":"org.springframework.amqp.rabbit.RabbitListenerEndpointContainer#1-4","level":"INFO"}
2025-08-18T18:41:19.711+05:30  INFO 69246 --- [order-service] [           main] o.s.b.a.e.web.EndpointLinksResolver      : Exposing 2 endpoints beneath base path '/actuator'
{"@timestamp":"2025-08-18T18:41:19.711746+05:30","@version":"1","message":"Exposing 2 endpoints beneath base path '/actuator'","logger_name":"org.springframework.boot.actuate.endpoint.web.EndpointLinksResolver","thread_name":"main","level":"INFO"}
2025-08-18T18:41:19.718+05:30  INFO 69246 --- [order-service] [           main] o.s.b.w.embedded.tomcat.TomcatWebServer  : Tomcat started on port 56810 (http) with context path '/'
{"@timestamp":"2025-08-18T18:41:19.718081+05:30","@version":"1","message":"Tomcat started on port 56810 (http) with context path '/'","logger_name":"org.springframework.boot.web.embedded.tomcat.TomcatWebServer","thread_name":"main","level":"INFO"}
2025-08-18T18:41:19.718+05:30  INFO 69246 --- [order-service] [           main] o.s.a.r.c.CachingConnectionFactory       : Attempting to connect to: rabbitmq:5672
{"@timestamp":"2025-08-18T18:41:19.718406+05:30","@version":"1","message":"Attempting to connect to: rabbitmq:5672","logger_name":"org.springframework.amqp.rabbit.connection.CachingConnectionFactory","thread_name":"main","level":"INFO"}
2025-08-18T18:41:19.718+05:30  INFO 69246 --- [order-service] [           main] o.s.a.r.l.SimpleMessageListenerContainer : Broker not available; cannot force queue declarations during start: java.net.UnknownHostException: rabbitmq
{"@timestamp":"2025-08-18T18:41:19.718504+05:30","@version":"1","message":"Broker not available; cannot force queue declarations during start: java.net.UnknownHostException: rabbitmq","logger_name":"org.springframework.amqp.rabbit.listener.SimpleMessageListenerContainer","thread_name":"main","level":"INFO"}
2025-08-18T18:41:19.718+05:30  INFO 69246 --- [order-service] [ntContainer#0-1] o.s.a.r.c.CachingConnectionFactory       : Attempting to connect to: rabbitmq:5672
{"@timestamp":"2025-08-18T18:41:19.718733+05:30","@version":"1","message":"Attempting to connect to: rabbitmq:5672","logger_name":"org.springframework.amqp.rabbit.connection.CachingConnectionFactory","thread_name":"org.springframework.amqp.rabbit.RabbitListenerEndpointContainer#0-1","level":"INFO"}
2025-08-18T18:41:19.718+05:30 ERROR 69246 --- [order-service] [ntContainer#0-1] o.s.a.r.l.SimpleMessageListenerContainer : Failed to check/redeclare auto-delete queue(s).

org.springframework.amqp.AmqpIOException: java.net.UnknownHostException: rabbitmq
	at org.springframework.amqp.rabbit.support.RabbitExceptionTranslator.convertRabbitAccessException(RabbitExceptionTranslator.java:70)
	at org.springframework.amqp.rabbit.connection.AbstractConnectionFactory.createBareConnection(AbstractConnectionFactory.java:632)
	at org.springframework.amqp.rabbit.connection.CachingConnectionFactory.createConnection(CachingConnectionFactory.java:726)
	at org.springframework.amqp.rabbit.connection.ConnectionFactoryUtils.createConnection(ConnectionFactoryUtils.java:257)
	at org.springframework.amqp.rabbit.core.RabbitTemplate.doExecute(RabbitTemplate.java:2262)
	at org.springframework.amqp.rabbit.core.RabbitTemplate.execute(RabbitTemplate.java:2235)
	at org.springframework.amqp.rabbit.core.RabbitTemplate.execute(RabbitTemplate.java:2215)
	at org.springframework.amqp.rabbit.core.RabbitAdmin.getQueueInfo(RabbitAdmin.java:467)
	at org.springframework.amqp.rabbit.core.RabbitAdmin.getQueueProperties(RabbitAdmin.java:451)
	at org.springframework.amqp.rabbit.listener.AbstractMessageListenerContainer.attemptDeclarations(AbstractMessageListenerContainer.java:1972)
	at org.springframework.amqp.rabbit.listener.AbstractMessageListenerContainer.redeclareElementsIfNecessary(AbstractMessageListenerContainer.java:1936)
	at org.springframework.amqp.rabbit.listener.SimpleMessageListenerContainer$AsyncMessageProcessingConsumer.initialize(SimpleMessageListenerContainer.java:1481)
	at org.springframework.amqp.rabbit.listener.SimpleMessageListenerContainer$AsyncMessageProcessingConsumer.run(SimpleMessageListenerContainer.java:1322)
	at java.base/java.lang.Thread.run(Thread.java:1583)
Caused by: java.net.UnknownHostException: rabbitmq
	at java.base/java.net.InetAddress$CachedLookup.get(InetAddress.java:988)
	at java.base/java.net.InetAddress.getAllByName0(InetAddress.java:1818)
	at java.base/java.net.InetAddress.getAllByName(InetAddress.java:1688)
	at com.rabbitmq.client.DnsRecordIpAddressResolver.resolveIpAddresses(DnsRecordIpAddressResolver.java:83)
	at com.rabbitmq.client.DnsRecordIpAddressResolver.getAddresses(DnsRecordIpAddressResolver.java:73)
	at com.rabbitmq.client.ConnectionFactory.newConnection(ConnectionFactory.java:1245)
	at com.rabbitmq.client.ConnectionFactory.newConnection(ConnectionFactory.java:1198)
	at com.rabbitmq.client.ConnectionFactory.newConnection(ConnectionFactory.java:1369)
	at org.springframework.amqp.rabbit.connection.AbstractConnectionFactory.connectHostPort(AbstractConnectionFactory.java:695)
	at org.springframework.amqp.rabbit.connection.AbstractConnectionFactory.connect(AbstractConnectionFactory.java:650)
	at org.springframework.amqp.rabbit.connection.AbstractConnectionFactory.createBareConnection(AbstractConnectionFactory.java:593)
	... 12 common frames omitted

{"@timestamp":"2025-08-18T18:41:19.718868+05:30","@version":"1","message":"Failed to check/redeclare auto-delete queue(s).","logger_name":"org.springframework.amqp.rabbit.listener.SimpleMessageListenerContainer","thread_name":"org.springframework.amqp.rabbit.RabbitListenerEndpointContainer#0-1","level":"ERROR","stack_trace":"org.springframework.amqp.AmqpIOException: java.net.UnknownHostException: rabbitmq\n\tat org.springframework.amqp.rabbit.support.RabbitExceptionTranslator.convertRabbitAccessException(RabbitExceptionTranslator.java:70)\n\tat org.springframework.amqp.rabbit.connection.AbstractConnectionFactory.createBareConnection(AbstractConnectionFactory.java:632)\n\tat org.springframework.amqp.rabbit.connection.CachingConnectionFactory.createConnection(CachingConnectionFactory.java:726)\n\tat org.springframework.amqp.rabbit.connection.ConnectionFactoryUtils.createConnection(ConnectionFactoryUtils.java:257)\n\tat org.springframework.amqp.rabbit.core.RabbitTemplate.doExecute(RabbitTemplate.java:2262)\n\tat org.springframework.amqp.rabbit.core.RabbitTemplate.execute(RabbitTemplate.java:2235)\n\tat org.springframework.amqp.rabbit.core.RabbitTemplate.execute(RabbitTemplate.java:2215)\n\tat org.springframework.amqp.rabbit.core.RabbitAdmin.getQueueInfo(RabbitAdmin.java:467)\n\tat org.springframework.amqp.rabbit.core.RabbitAdmin.getQueueProperties(RabbitAdmin.java:451)\n\tat org.springframework.amqp.rabbit.listener.AbstractMessageListenerContainer.attemptDeclarations(AbstractMessageListenerContainer.java:1972)\n\tat org.springframework.amqp.rabbit.listener.AbstractMessageListenerContainer.redeclareElementsIfNecessary(AbstractMessageListenerContainer.java:1936)\n\tat org.springframework.amqp.rabbit.listener.SimpleMessageListenerContainer$AsyncMessageProcessingConsumer.initialize(SimpleMessageListenerContainer.java:1481)\n\tat org.springframework.amqp.rabbit.listener.SimpleMessageListenerContainer$AsyncMessageProcessingConsumer.run(SimpleMessageListenerContainer.java:1322)\n\tat java.base/java.lang.Thread.run(Thread.java:1583)\nCaused by: java.net.UnknownHostException: rabbitmq\n\tat java.base/java.net.InetAddress$CachedLookup.get(InetAddress.java:988)\n\tat java.base/java.net.InetAddress.getAllByName0(InetAddress.java:1818)\n\tat java.base/java.net.InetAddress.getAllByName(InetAddress.java:1688)\n\tat com.rabbitmq.client.DnsRecordIpAddressResolver.resolveIpAddresses(DnsRecordIpAddressResolver.java:83)\n\tat com.rabbitmq.client.DnsRecordIpAddressResolver.getAddresses(DnsRecordIpAddressResolver.java:73)\n\tat com.rabbitmq.client.ConnectionFactory.newConnection(ConnectionFactory.java:1245)\n\tat com.rabbitmq.client.ConnectionFactory.newConnection(ConnectionFactory.java:1198)\n\tat com.rabbitmq.client.ConnectionFactory.newConnection(ConnectionFactory.java:1369)\n\tat org.springframework.amqp.rabbit.connection.AbstractConnectionFactory.connectHostPort(AbstractConnectionFactory.java:695)\n\tat org.springframework.amqp.rabbit.connection.AbstractConnectionFactory.connect(AbstractConnectionFactory.java:650)\n\tat org.springframework.amqp.rabbit.connection.AbstractConnectionFactory.createBareConnection(AbstractConnectionFactory.java:593)\n\t... 12 common frames omitted\n"}
2025-08-18T18:41:19.719+05:30  INFO 69246 --- [order-service] [ntContainer#0-1] o.s.a.r.c.CachingConnectionFactory       : Attempting to connect to: rabbitmq:5672
{"@timestamp":"2025-08-18T18:41:19.719155+05:30","@version":"1","message":"Attempting to connect to: rabbitmq:5672","logger_name":"org.springframework.amqp.rabbit.connection.CachingConnectionFactory","thread_name":"org.springframework.amqp.rabbit.RabbitListenerEndpointContainer#0-1","level":"INFO"}
2025-08-18T18:41:19.719+05:30  INFO 69246 --- [order-service] [           main] o.s.a.r.c.CachingConnectionFactory       : Attempting to connect to: rabbitmq:5672
{"@timestamp":"2025-08-18T18:41:19.719331+05:30","@version":"1","message":"Attempting to connect to: rabbitmq:5672","logger_name":"org.springframework.amqp.rabbit.connection.CachingConnectionFactory","thread_name":"main","level":"INFO"}
2025-08-18T18:41:19.719+05:30  INFO 69246 --- [order-service] [           main] o.s.a.r.l.SimpleMessageListenerContainer : Broker not available; cannot force queue declarations during start: java.net.UnknownHostException: rabbitmq
{"@timestamp":"2025-08-18T18:41:19.719408+05:30","@version":"1","message":"Broker not available; cannot force queue declarations during start: java.net.UnknownHostException: rabbitmq","logger_name":"org.springframework.amqp.rabbit.listener.SimpleMessageListenerContainer","thread_name":"main","level":"INFO"}
2025-08-18T18:41:19.719+05:30  INFO 69246 --- [order-service] [ntContainer#1-1] o.s.a.r.c.CachingConnectionFactory       : Attempting to connect to: rabbitmq:5672
{"@timestamp":"2025-08-18T18:41:19.719687+05:30","@version":"1","message":"Attempting to connect to: rabbitmq:5672","logger_name":"org.springframework.amqp.rabbit.connection.CachingConnectionFactory","thread_name":"org.springframework.amqp.rabbit.RabbitListenerEndpointContainer#1-1","level":"INFO"}
2025-08-18T18:41:19.719+05:30 ERROR 69246 --- [order-service] [ntContainer#1-1] o.s.a.r.l.SimpleMessageListenerContainer : Failed to check/redeclare auto-delete queue(s).

org.springframework.amqp.AmqpIOException: java.net.UnknownHostException: rabbitmq
	at org.springframework.amqp.rabbit.support.RabbitExceptionTranslator.convertRabbitAccessException(RabbitExceptionTranslator.java:70)
	at org.springframework.amqp.rabbit.connection.AbstractConnectionFactory.createBareConnection(AbstractConnectionFactory.java:632)
	at org.springframework.amqp.rabbit.connection.CachingConnectionFactory.createConnection(CachingConnectionFactory.java:726)
	at org.springframework.amqp.rabbit.connection.ConnectionFactoryUtils.createConnection(ConnectionFactoryUtils.java:257)
	at org.springframework.amqp.rabbit.core.RabbitTemplate.doExecute(RabbitTemplate.java:2262)
	at org.springframework.amqp.rabbit.core.RabbitTemplate.execute(RabbitTemplate.java:2235)
	at org.springframework.amqp.rabbit.core.RabbitTemplate.execute(RabbitTemplate.java:2215)
	at org.springframework.amqp.rabbit.core.RabbitAdmin.getQueueInfo(RabbitAdmin.java:467)
	at org.springframework.amqp.rabbit.core.RabbitAdmin.getQueueProperties(RabbitAdmin.java:451)
	at org.springframework.amqp.rabbit.listener.AbstractMessageListenerContainer.attemptDeclarations(AbstractMessageListenerContainer.java:1972)
	at org.springframework.amqp.rabbit.listener.AbstractMessageListenerContainer.redeclareElementsIfNecessary(AbstractMessageListenerContainer.java:1936)
	at org.springframework.amqp.rabbit.listener.SimpleMessageListenerContainer$AsyncMessageProcessingConsumer.initialize(SimpleMessageListenerContainer.java:1481)
	at org.springframework.amqp.rabbit.listener.SimpleMessageListenerContainer$AsyncMessageProcessingConsumer.run(SimpleMessageListenerContainer.java:1322)
	at java.base/java.lang.Thread.run(Thread.java:1583)
Caused by: java.net.UnknownHostException: rabbitmq
	at java.base/java.net.InetAddress$CachedLookup.get(InetAddress.java:988)
	at java.base/java.net.InetAddress.getAllByName0(InetAddress.java:1818)
	at java.base/java.net.InetAddress.getAllByName(InetAddress.java:1688)
	at com.rabbitmq.client.DnsRecordIpAddressResolver.resolveIpAddresses(DnsRecordIpAddressResolver.java:83)
	at com.rabbitmq.client.DnsRecordIpAddressResolver.getAddresses(DnsRecordIpAddressResolver.java:73)
	at com.rabbitmq.client.ConnectionFactory.newConnection(ConnectionFactory.java:1245)
	at com.rabbitmq.client.ConnectionFactory.newConnection(ConnectionFactory.java:1198)
	at com.rabbitmq.client.ConnectionFactory.newConnection(ConnectionFactory.java:1369)
	at org.springframework.amqp.rabbit.connection.AbstractConnectionFactory.connectHostPort(AbstractConnectionFactory.java:695)
	at org.springframework.amqp.rabbit.connection.AbstractConnectionFactory.connect(AbstractConnectionFactory.java:650)
	at org.springframework.amqp.rabbit.connection.AbstractConnectionFactory.createBareConnection(AbstractConnectionFactory.java:593)
	... 12 common frames omitted

{"@timestamp":"2025-08-18T18:41:19.719825+05:30","@version":"1","message":"Failed to check/redeclare auto-delete queue(s).","logger_name":"org.springframework.amqp.rabbit.listener.SimpleMessageListenerContainer","thread_name":"org.springframework.amqp.rabbit.RabbitListenerEndpointContainer#1-1","level":"ERROR","stack_trace":"org.springframework.amqp.AmqpIOException: java.net.UnknownHostException: rabbitmq\n\tat org.springframework.amqp.rabbit.support.RabbitExceptionTranslator.convertRabbitAccessException(RabbitExceptionTranslator.java:70)\n\tat org.springframework.amqp.rabbit.connection.AbstractConnectionFactory.createBareConnection(AbstractConnectionFactory.java:632)\n\tat org.springframework.amqp.rabbit.connection.CachingConnectionFactory.createConnection(CachingConnectionFactory.java:726)\n\tat org.springframework.amqp.rabbit.connection.ConnectionFactoryUtils.createConnection(ConnectionFactoryUtils.java:257)\n\tat org.springframework.amqp.rabbit.core.RabbitTemplate.doExecute(RabbitTemplate.java:2262)\n\tat org.springframework.amqp.rabbit.core.RabbitTemplate.execute(RabbitTemplate.java:2235)\n\tat org.springframework.amqp.rabbit.core.RabbitTemplate.execute(RabbitTemplate.java:2215)\n\tat org.springframework.amqp.rabbit.core.RabbitAdmin.getQueueInfo(RabbitAdmin.java:467)\n\tat org.springframework.amqp.rabbit.core.RabbitAdmin.getQueueProperties(RabbitAdmin.java:451)\n\tat org.springframework.amqp.rabbit.listener.AbstractMessageListenerContainer.attemptDeclarations(AbstractMessageListenerContainer.java:1972)\n\tat org.springframework.amqp.rabbit.listener.AbstractMessageListenerContainer.redeclareElementsIfNecessary(AbstractMessageListenerContainer.java:1936)\n\tat org.springframework.amqp.rabbit.listener.SimpleMessageListenerContainer$AsyncMessageProcessingConsumer.initialize(SimpleMessageListenerContainer.java:1481)\n\tat org.springframework.amqp.rabbit.listener.SimpleMessageListenerContainer$AsyncMessageProcessingConsumer.run(SimpleMessageListenerContainer.java:1322)\n\tat java.base/java.lang.Thread.run(Thread.java:1583)\nCaused by: java.net.UnknownHostException: rabbitmq\n\tat java.base/java.net.InetAddress$CachedLookup.get(InetAddress.java:988)\n\tat java.base/java.net.InetAddress.getAllByName0(InetAddress.java:1818)\n\tat java.base/java.net.InetAddress.getAllByName(InetAddress.java:1688)\n\tat com.rabbitmq.client.DnsRecordIpAddressResolver.resolveIpAddresses(DnsRecordIpAddressResolver.java:83)\n\tat com.rabbitmq.client.DnsRecordIpAddressResolver.getAddresses(DnsRecordIpAddressResolver.java:73)\n\tat com.rabbitmq.client.ConnectionFactory.newConnection(ConnectionFactory.java:1245)\n\tat com.rabbitmq.client.ConnectionFactory.newConnection(ConnectionFactory.java:1198)\n\tat com.rabbitmq.client.ConnectionFactory.newConnection(ConnectionFactory.java:1369)\n\tat org.springframework.amqp.rabbit.connection.AbstractConnectionFactory.connectHostPort(AbstractConnectionFactory.java:695)\n\tat org.springframework.amqp.rabbit.connection.AbstractConnectionFactory.connect(AbstractConnectionFactory.java:650)\n\tat org.springframework.amqp.rabbit.connection.AbstractConnectionFactory.createBareConnection(AbstractConnectionFactory.java:593)\n\t... 12 common frames omitted\n"}
2025-08-18T18:41:19.720+05:30  INFO 69246 --- [order-service] [ntContainer#1-1] o.s.a.r.c.CachingConnectionFactory       : Attempting to connect to: rabbitmq:5672
{"@timestamp":"2025-08-18T18:41:19.720095+05:30","@version":"1","message":"Attempting to connect to: rabbitmq:5672","logger_name":"org.springframework.amqp.rabbit.connection.CachingConnectionFactory","thread_name":"org.springframework.amqp.rabbit.RabbitListenerEndpointContainer#1-1","level":"INFO"}
2025-08-18T18:41:19.722+05:30  INFO 69246 --- [order-service] [           main] c.swifteats.order.SuccessfulOutboxTest   : Started SuccessfulOutboxTest in 0.261 seconds (process running for 18.427)
{"@timestamp":"2025-08-18T18:41:19.722365+05:30","@version":"1","message":"Started SuccessfulOutboxTest in 0.261 seconds (process running for 18.427)","logger_name":"com.swifteats.order.SuccessfulOutboxTest","thread_name":"main","level":"INFO"}
]]></system-out>
  </testcase>
</testsuite>